Hello!2025-03-12 13:42:39.958 DEBUG:	Starting Program ...
2025-03-12 13:42:39.958 DEBUG:	Connecting to database...
2025-03-12 13:42:39.975 DEBUG:	Connecting to database...
2025-03-12 13:42:39.976 DEBUG:	Connecting to database...
2025-03-12 13:42:40.241 DEBUG:	Switching to Dark mode
2025-03-12 13:42:40.247 DEBUG:	Connecting to database...
2025-03-12 13:42:45.597 DEBUG:	Connecting to database...
2025-03-12 13:42:47.332 DEBUG:	Connecting to database...
2025-03-12 13:42:48.132 DEBUG:	Connecting to database...
2025-03-12 13:42:49.914 DEBUG:	Connecting to database...
2025-03-12 13:42:50.167 DEBUG:	Connecting to database...
2025-03-12 13:42:50.373 DEBUG:	Connecting to database...
2025-03-12 13:42:51.026 DEBUG:	Connecting to database...
2025-03-12 13:42:51.747 DEBUG:	Connecting to database...
2025-03-12 13:42:51.914 DEBUG:	Connecting to database...
2025-03-12 13:42:52.061 DEBUG:	Connecting to database...
2025-03-12 13:42:52.922 DEBUG:	Connecting to database...
2025-03-12 13:42:53.004 DEBUG:	Connecting to database...
2025-03-12 13:42:53.062 DEBUG:	Connecting to database...
2025-03-12 13:42:55.014 DEBUG:	Connecting to database...
2025-03-12 13:42:55.072 DEBUG:	Connecting to database...
2025-03-12 13:42:57.316 DEBUG:	Connecting to database...
2025-03-12 13:42:58.844 DEBUG:	Connecting to database...
2025-03-12 13:42:58.964 DEBUG:	Connecting to database...
2025-03-12 13:42:59.614 DEBUG:	Connecting to database...
2025-03-12 13:42:59.681 DEBUG:	Connecting to database...
2025-03-12 13:43:17.230 DEBUG:	Starting Program ...
2025-03-12 13:43:17.230 DEBUG:	Connecting to database...
2025-03-12 13:43:17.248 DEBUG:	Connecting to database...
2025-03-12 13:43:17.249 DEBUG:	Connecting to database...
2025-03-12 13:43:17.556 DEBUG:	Switching to Dark mode
2025-03-12 13:43:17.560 DEBUG:	Connecting to database...
2025-03-12 13:45:21.093 DEBUG:	Selling via sell hotkey
2025-03-12 13:45:21.103 DEBUG:	Updating config sellMethod -> 3
2025-03-12 13:45:21.109 DEBUG:	Updating config sleepTime -> 1.0
2025-03-12 13:45:21.110 DEBUG:	Updating config sellHeight -> 20
2025-03-12 13:45:21.153 DEBUG:	Updating config sellMin -> 25
2025-03-12 13:45:21.164 DEBUG:	Updating config sellMax -> 125
2025-03-12 13:45:28.361 DEBUG:	Starting Program ...
2025-03-12 13:45:28.362 DEBUG:	Connecting to database...
2025-03-12 13:45:28.383 DEBUG:	Connecting to database...
2025-03-12 13:45:28.384 DEBUG:	Connecting to database...
2025-03-12 13:45:28.968 DEBUG:	Switching to Dark mode
2025-03-12 13:45:28.973 DEBUG:	Connecting to database...
2025-03-12 13:45:33.958 DEBUG:	Selling via sell hotkey
2025-03-12 13:45:33.964 DEBUG:	Starting thread...
2025-03-12 13:45:33.978 DEBUG:	Loading config files
2025-03-12 13:45:33.978 DEBUG:	Connecting to database...
2025-03-12 13:45:34.635 DEBUG:	foundTxt: <span style="color:black;"><span style='color: white;'>Listing Items...</span></span>
2025-03-12 13:45:34.675 DEBUG:	['C:\\Program Files\\Tesseract-OCR\\tesseract.exe', 'C:\\Users\\nfgew\\AppData\\Local\\Temp\\tess_ehynwrjz_input.PNG', 'C:\\Users\\nfgew\\AppData\\Local\\Temp\\tess_ehynwrjz', '--psm', '6', 'txt']
2025-03-12 13:45:35.105 DEBUG:	8 listings available
2025-03-12 13:45:35.105 DEBUG:	Searching stash at x:1386 y:209
2025-03-12 13:45:35.143 DEBUG:	Pixel val for x:1386 y:209 323
2025-03-12 13:45:35.144 DEBUG:	Item detected
2025-03-12 13:45:35.446 DEBUG:	foundTxt: <span style="color:black;"><span style='color: white;'>Reading item... </span></span>
2025-03-12 13:45:35.763 DEBUG:	Searching for Image... @ coords 0  0  1920  1080
2025-03-12 13:45:36.110 DEBUG:	foundTxt: <span style="color:black;"><span style='color: white;'>Getting item info... </span></span>
2025-03-12 13:45:36.115 DEBUG:	Searching for Image topLeftCorner in <PIL.Image.Image image mode=RGB size=535x750 at 0x241C4A9FA70>...
2025-03-12 13:45:36.147 DEBUG:	Searching for Image topRightCorner in <PIL.Image.Image image mode=RGB size=535x750 at 0x241C4A9FA70>...
2025-03-12 13:45:36.180 DEBUG:	Searching for Image bottomLeftCorner in <PIL.Image.Image image mode=RGB size=535x750 at 0x241C4A9FA70>...
2025-03-12 13:45:36.214 DEBUG:	Searching for Image bottomRightCorner in <PIL.Image.Image image mode=RGB size=535x750 at 0x241C4A9FA70>...
2025-03-12 13:45:36.247 DEBUG:	Failed to find any image
2025-03-12 13:45:36.248 DEBUG:	Searching form market stash
2025-03-12 13:45:36.248 DEBUG:	Searching for Image topLeftCorner in <PIL.Image.Image image mode=RGB size=535x750 at 0x241C4A9FA70>...
2025-03-12 13:45:36.270 DEBUG:	foundTxt: <span style="color:black;"><span style='color: white;'>Searching... </span></span>
2025-03-12 13:45:36.304 DEBUG:	Searching for Image bottomRightCorner in <PIL.Image.Image image mode=RGB size=535x750 at 0x241C4A9FA70>...
2025-03-12 13:45:36.334 DEBUG:	Failed to find any image
2025-03-12 13:45:36.335 DEBUG:	Searching for Image topRightCorner in <PIL.Image.Image image mode=RGB size=535x750 at 0x241C4A9FA70>...
2025-03-12 13:45:36.365 DEBUG:	Searching for Image bottomLeftCorner in <PIL.Image.Image image mode=RGB size=535x750 at 0x241C4A9FA70>...
2025-03-12 13:45:36.395 DEBUG:	item area: 2 x 3
2025-03-12 13:45:36.395 DEBUG:	Searching for Image poor in <PIL.Image.Image image mode=RGB size=535x750 at 0x241C4A9FA70>...
2025-03-12 13:45:36.433 DEBUG:	Failed to find any image
2025-03-12 13:45:36.433 DEBUG:	Searching for Image common in <PIL.Image.Image image mode=RGB size=535x750 at 0x241C4A9FA70>...
2025-03-12 13:45:36.468 DEBUG:	Failed to find any image
2025-03-12 13:45:36.468 DEBUG:	Searching for Image uncommon in <PIL.Image.Image image mode=RGB size=535x750 at 0x241C4A9FA70>...
2025-03-12 13:45:36.485 DEBUG:	Searching for Image... @ coords 150  150  200  200
2025-03-12 13:45:36.547 DEBUG:	Failed to find image
2025-03-12 13:45:36.580 DEBUG:	['C:\\Program Files\\Tesseract-OCR\\tesseract.exe', 'C:\\Users\\nfgew\\AppData\\Local\\Temp\\tess_zwrjheik_input.PNG', 'C:\\Users\\nfgew\\AppData\\Local\\Temp\\tess_zwrjheik', '--psm', '6', 'txt']
2025-03-12 13:45:37.052 DEBUG:	Searching for Image rare in <PIL.Image.Image image mode=RGB size=535x750 at 0x241C4A9FA70>...
2025-03-12 13:45:37.090 DEBUG:	Failed to find any image
2025-03-12 13:45:37.090 DEBUG:	Searching for Image epic in <PIL.Image.Image image mode=RGB size=535x750 at 0x241C4A9FA70>...
2025-03-12 13:45:37.121 DEBUG:	Searching for Image... @ coords 1420  181  230  120
2025-03-12 13:45:37.147 DEBUG:	Failed to find any image
2025-03-12 13:45:37.148 DEBUG:	Searching for Image legendary in <PIL.Image.Image image mode=RGB size=535x750 at 0x241C4A9FA70>...
2025-03-12 13:45:37.180 DEBUG:	Failed to find image
2025-03-12 13:45:37.191 DEBUG:	Failed to find any image
2025-03-12 13:45:37.191 DEBUG:	Searching for Image unique in <PIL.Image.Image image mode=RGB size=535x750 at 0x241C4A9FA70>...
2025-03-12 13:45:37.237 DEBUG:	Failed to find any image
2025-03-12 13:45:37.237 DEBUG:	Found Uncommon item
2025-03-12 13:45:37.262 DEBUG:	['C:\\Program Files\\Tesseract-OCR\\tesseract.exe', 'C:\\Users\\nfgew\\AppData\\Local\\Temp\\tess_m9pzhl4h_input.PNG', 'C:\\Users\\nfgew\\AppData\\Local\\Temp\\tess_m9pzhl4h', 'txt']
2025-03-12 13:45:37.487 DEBUG:	lines: ['Stash', '', 'OMPICIF Vi', '', 'Loose Trousers', '', ' Armor Rating 12', ' Move Speed 2', '', ' Agility 3', '', ' 9 Additional Armor Rating', '']
2025-03-12 13:45:37.488 DEBUG:	Found: []
2025-03-12 13:45:37.488 DEBUG:	foundTxt: <span style="color:black;"><span style='color: white;'>Storing item rolls...</span></span>
2025-03-12 13:45:37.488 DEBUG:	Found: []
2025-03-12 13:45:37.489 DEBUG:	lines: ['Stash', '', 'OMPICIF Vi', '', 'Loose Trousers', '', ' Armor Rating 12', ' Move Speed 2', '', ' Agility 3', '', ' 9 Additional Armor Rating', '']
2025-03-12 13:45:37.489 DEBUG:	Found: []
2025-03-12 13:45:37.489 DEBUG:	Found: []
2025-03-12 13:45:37.489 DEBUG:	lines: ['Stash', '', 'OMPICIF Vi', '', 'Loose Trousers', '', ' Armor Rating 12', ' Move Speed 2', '', ' Agility 3', '', ' 9 Additional Armor Rating', '']
2025-03-12 13:45:37.490 DEBUG:	Found: []
2025-03-12 13:45:37.490 DEBUG:	Found: []
2025-03-12 13:45:37.490 DEBUG:	lines: ['Stash', '', 'OMPICIF Vi', '', 'Loose Trousers', '', ' Armor Rating 12', ' Move Speed 2', '', ' Agility 3', '', ' 9 Additional Armor Rating', '']
2025-03-12 13:45:37.490 DEBUG:	Found: []
2025-03-12 13:45:37.491 DEBUG:	Found: []
2025-03-12 13:45:37.491 DEBUG:	lines: ['Stash', '', 'OMPICIF Vi', '', 'Loose Trousers', '', ' Armor Rating 12', ' Move Speed 2', '', ' Agility 3', '', ' 9 Additional Armor Rating', '']
2025-03-12 13:45:37.492 DEBUG:	Found: ['Loose Trouserse']
2025-03-12 13:45:37.492 DEBUG:	lines: ['Stash', '', 'OMPICIF Vi', '', 'Loose Trousers', '', ' Armor Rating 12', ' Move Speed 2', '', ' Agility 3', '', ' 9 Additional Armor Rating', '']
2025-03-12 13:45:37.492 DEBUG:	Found: []
2025-03-12 13:45:37.492 DEBUG:	lines: ['Stash', '', 'OMPICIF Vi', '', 'Loose Trousers', '', ' Armor Rating 12', ' Move Speed 2', '', ' Agility 3', '', ' 9 Additional Armor Rating', '']
2025-03-12 13:45:37.492 DEBUG:	Found: ['Armor Rating']
2025-03-12 13:45:37.492 DEBUG:	lines: ['Stash', '', 'OMPICIF Vi', '', 'Loose Trousers', '', ' Armor Rating 12', ' Move Speed 2', '', ' Agility 3', '', ' 9 Additional Armor Rating', '']
2025-03-12 13:45:37.492 DEBUG:	Found: ['Move Speed']
2025-03-12 13:45:37.492 DEBUG:	lines: ['Stash', '', 'OMPICIF Vi', '', 'Loose Trousers', '', ' Armor Rating 12', ' Move Speed 2', '', ' Agility 3', '', ' 9 Additional Armor Rating', '']
2025-03-12 13:45:37.493 DEBUG:	Found: []
2025-03-12 13:45:37.493 DEBUG:	lines: ['Stash', '', 'OMPICIF Vi', '', 'Loose Trousers', '', ' Armor Rating 12', ' Move Speed 2', '', ' Agility 3', '', ' 9 Additional Armor Rating', '']
2025-03-12 13:45:37.493 DEBUG:	Found: ['Agility']
2025-03-12 13:45:37.493 DEBUG:	lines: ['Stash', '', 'OMPICIF Vi', '', 'Loose Trousers', '', ' Armor Rating 12', ' Move Speed 2', '', ' Agility 3', '', ' 9 Additional Armor Rating', '']
2025-03-12 13:45:37.493 DEBUG:	Found: []
2025-03-12 13:45:37.493 DEBUG:	lines: ['Stash', '', 'OMPICIF Vi', '', 'Loose Trousers', '', ' Armor Rating 12', ' Move Speed 2', '', ' Agility 3', '', ' 9 Additional Armor Rating', '']
2025-03-12 13:45:37.493 DEBUG:	Found: ['Additional Memory Capacity']
2025-03-12 13:45:37.493 DEBUG:	lines: ['Stash', '', 'OMPICIF Vi', '', 'Loose Trousers', '', ' Armor Rating 12', ' Move Speed 2', '', ' Agility 3', '', ' 9 Additional Armor Rating', '']
2025-03-12 13:45:37.493 DEBUG:	Found: []
2025-03-12 13:45:37.493 DEBUG:	New item created
2025-03-12 13:45:37.493 DEBUG:	Searching for Loose Trouserse price
2025-03-12 13:45:37.494 DEBUG:	few roll item found
2025-03-12 13:45:37.494 DEBUG:	foundTxt: <span style="color:black;"><span style='color: green;'>Uncommon Loose Trouserse</span></span>
2025-03-12 13:45:37.525 DEBUG:	foundTxt: <span style="color:black;"><span style='color: white;'>Finding prices...  </span></span>
2025-03-12 13:45:37.540 DEBUG:	['C:\\Program Files\\Tesseract-OCR\\tesseract.exe', 'C:\\Users\\nfgew\\AppData\\Local\\Temp\\tess_r_5jfmpu_input.PNG', 'C:\\Users\\nfgew\\AppData\\Local\\Temp\\tess_r_5jfmpu', '--oem', '3', '--psm', '6', '-c', 'tessedit_char_whitelist=0123456789', 'txt']
2025-03-12 13:45:37.721 DEBUG:	Found prices: [99, 100, 120, 121, 121, 130, 144, 149]
2025-03-12 13:45:37.721 DEBUG:	Calcing price ... Method 3...
2025-03-12 13:45:37.721 DEBUG:	Found price 106
2025-03-12 13:45:37.721 DEBUG:	foundTxt: <span style="color:black;"><span style='color: white;'>Found  </span></span>
2025-03-12 13:45:37.722 DEBUG:	foundTxt: <span style="color:black;"><span style='color: Gold;'>106 </span></span>
2025-03-12 13:45:37.749 DEBUG:	foundTxt: <span style="color:black;"><span style='color: white;'>... </span></span>
2025-03-12 13:45:37.750 DEBUG:	foundTxt: <span style="color:black;"><span style='color: white;'>Found  </span></span>
2025-03-12 13:45:37.750 DEBUG:	foundTxt: <span style="color:black;"><span style='color: Gold;'>106 </span></span>
2025-03-12 13:45:37.750 DEBUG:	foundTxt: <span style="color:black;"><span style='color: white;'>for  </span></span>
2025-03-12 13:45:37.750 DEBUG:	foundTxt: <span style="color:black;"><span style='color: green;'>Uncommon Loose Trouserse</span></span>
2025-03-12 13:45:37.957 DEBUG:	Searching for Image... @ coords 600  300  700  600
2025-03-12 13:45:38.042 DEBUG:	Failed to find image
2025-03-12 13:45:38.111 DEBUG:	0.1 undercut value
2025-03-12 13:45:38.111 DEBUG:	95 found
2025-03-12 13:45:38.848 DEBUG:	foundTxt: <span style="color:black;"><span style='color: Gold;'>Listing item for 95</span></span>
2025-03-12 13:45:39.478 DEBUG:	Listed for 95
2025-03-12 13:45:39.478 DEBUG:	foundTxt: <span style="color:black;"><span style='color: white;'>Listed item in 4.0 seconds</span></span>
2025-03-12 13:45:40.355 DEBUG:	['C:\\Program Files\\Tesseract-OCR\\tesseract.exe', 'C:\\Users\\nfgew\\AppData\\Local\\Temp\\tess_r_rgpp67_input.PNG', 'C:\\Users\\nfgew\\AppData\\Local\\Temp\\tess_r_rgpp67', '--psm', '6', 'txt']
2025-03-12 13:45:40.571 DEBUG:	7 listings available
2025-03-12 13:45:40.571 DEBUG:	Searching stash at x:1426 y:209
2025-03-12 13:45:40.604 DEBUG:	Pixel val for x:1426 y:209 96
2025-03-12 13:45:40.604 DEBUG:	No item detected: 96 < 110
2025-03-12 13:45:40.604 DEBUG:	Searching stash at x:1466 y:209
2025-03-12 13:45:40.635 DEBUG:	Pixel val for x:1466 y:209 162
2025-03-12 13:45:40.635 DEBUG:	Item detected
2025-03-12 13:45:40.937 DEBUG:	foundTxt: <span style="color:black;"><span style='color: white;'>Reading item... </span></span>
2025-03-12 13:45:41.250 DEBUG:	Searching for Image... @ coords 0  0  1920  1080
2025-03-12 13:45:41.478 DEBUG:	foundTxt: <span style="color:black;"><span style='color: white;'>Getting item info... </span></span>
2025-03-12 13:45:41.484 DEBUG:	Searching for Image topLeftCorner in <PIL.Image.Image image mode=RGB size=535x750 at 0x241E4A70DD0>...
2025-03-12 13:45:41.515 DEBUG:	Searching for Image topRightCorner in <PIL.Image.Image image mode=RGB size=535x750 at 0x241E4A70DD0>...
2025-03-12 13:45:41.548 DEBUG:	Searching for Image bottomLeftCorner in <PIL.Image.Image image mode=RGB size=535x750 at 0x241E4A70DD0>...
2025-03-12 13:45:41.580 DEBUG:	Searching for Image bottomRightCorner in <PIL.Image.Image image mode=RGB size=535x750 at 0x241E4A70DD0>...
2025-03-12 13:45:41.610 DEBUG:	Failed to find any image
2025-03-12 13:45:41.610 DEBUG:	Searching form market stash
2025-03-12 13:45:41.610 DEBUG:	Searching for Image topLeftCorner in <PIL.Image.Image image mode=RGB size=535x750 at 0x241E4A70DD0>...
2025-03-12 13:45:41.642 DEBUG:	foundTxt: <span style="color:black;"><span style='color: white;'>Searching... </span></span>
2025-03-12 13:45:41.678 DEBUG:	Searching for Image bottomRightCorner in <PIL.Image.Image image mode=RGB size=535x750 at 0x241E4A70DD0>...
2025-03-12 13:45:41.712 DEBUG:	Failed to find any image
2025-03-12 13:45:41.712 DEBUG:	Searching for Image topRightCorner in <PIL.Image.Image image mode=RGB size=535x750 at 0x241E4A70DD0>...
2025-03-12 13:45:41.744 DEBUG:	Searching for Image bottomLeftCorner in <PIL.Image.Image image mode=RGB size=535x750 at 0x241E4A70DD0>...
2025-03-12 13:45:41.776 DEBUG:	item area: 1 x 1
2025-03-12 13:45:41.776 DEBUG:	Searching for Image poor in <PIL.Image.Image image mode=RGB size=535x750 at 0x241E4A70DD0>...
2025-03-12 13:45:41.808 DEBUG:	Failed to find any image
2025-03-12 13:45:41.808 DEBUG:	Searching for Image common in <PIL.Image.Image image mode=RGB size=535x750 at 0x241E4A70DD0>...
2025-03-12 13:45:41.839 DEBUG:	Failed to find any image
2025-03-12 13:45:41.840 DEBUG:	Searching for Image uncommon in <PIL.Image.Image image mode=RGB size=535x750 at 0x241E4A70DD0>...
2025-03-12 13:45:41.851 DEBUG:	Searching for Image... @ coords 150  150  200  200
2025-03-12 13:45:41.877 DEBUG:	Failed to find any image
2025-03-12 13:45:41.877 DEBUG:	Searching for Image rare in <PIL.Image.Image image mode=RGB size=535x750 at 0x241E4A70DD0>...
2025-03-12 13:45:41.908 DEBUG:	Failed to find any image
2025-03-12 13:45:41.908 DEBUG:	Searching for Image epic in <PIL.Image.Image image mode=RGB size=535x750 at 0x241E4A70DD0>...
2025-03-12 13:45:41.940 DEBUG:	Searching for Image... @ coords 150  150  200  200
2025-03-12 13:45:42.024 DEBUG:	['C:\\Program Files\\Tesseract-OCR\\tesseract.exe', 'C:\\Users\\nfgew\\AppData\\Local\\Temp\\tess_2vw09rbi_input.PNG', 'C:\\Users\\nfgew\\AppData\\Local\\Temp\\tess_2vw09rbi', '--psm', '6', 'txt']
2025-03-12 13:45:42.028 DEBUG:	Searching for Image... @ coords 150  150  200  200
2025-03-12 13:45:42.120 DEBUG:	Searching for Image... @ coords 150  150  200  200
2025-03-12 13:45:42.176 DEBUG:	Failed to find image
2025-03-12 13:45:42.402 DEBUG:	Searching for Image legendary in <PIL.Image.Image image mode=RGB size=535x750 at 0x241E4A70DD0>...
2025-03-12 13:45:42.440 DEBUG:	Failed to find any image
2025-03-12 13:45:42.440 DEBUG:	Searching for Image unique in <PIL.Image.Image image mode=RGB size=535x750 at 0x241E4A70DD0>...
2025-03-12 13:45:42.472 DEBUG:	Failed to find any image
2025-03-12 13:45:42.473 DEBUG:	Found Epic item
2025-03-12 13:45:42.499 DEBUG:	['C:\\Program Files\\Tesseract-OCR\\tesseract.exe', 'C:\\Users\\nfgew\\AppData\\Local\\Temp\\tess_cx68mk89_input.PNG', 'C:\\Users\\nfgew\\AppData\\Local\\Temp\\tess_cx68mk89', 'txt']
2025-03-12 13:45:42.738 DEBUG:	lines: ['Stash', '', 'OMPICir WE', '', 'Ring of Quickness', ' Agility 3', '  3 Buff Duration Bonus', ' 2 Physical Healing', ' 1 True Physical Damage', '']
2025-03-12 13:45:42.738 DEBUG:	foundTxt: <span style="color:black;"><span style='color: white;'>Storing item rolls...</span></span>
2025-03-12 13:45:42.739 DEBUG:	Found: []
2025-03-12 13:45:42.740 DEBUG:	Found: []
2025-03-12 13:45:42.740 DEBUG:	lines: ['Stash', '', 'OMPICir WE', '', 'Ring of Quickness', ' Agility 3', '  3 Buff Duration Bonus', ' 2 Physical Healing', ' 1 True Physical Damage', '']
2025-03-12 13:45:42.740 DEBUG:	Found: []
2025-03-12 13:45:42.740 DEBUG:	Found: []
2025-03-12 13:45:42.740 DEBUG:	lines: ['Stash', '', 'OMPICir WE', '', 'Ring of Quickness', ' Agility 3', '  3 Buff Duration Bonus', ' 2 Physical Healing', ' 1 True Physical Damage', '']
2025-03-12 13:45:42.742 DEBUG:	Found: []
2025-03-12 13:45:42.742 DEBUG:	Found: []
2025-03-12 13:45:42.742 DEBUG:	lines: ['Stash', '', 'OMPICir WE', '', 'Ring of Quickness', ' Agility 3', '  3 Buff Duration Bonus', ' 2 Physical Healing', ' 1 True Physical Damage', '']
2025-03-12 13:45:42.742 DEBUG:	Found: []
2025-03-12 13:45:42.742 DEBUG:	Found: []
2025-03-12 13:45:42.742 DEBUG:	lines: ['Stash', '', 'OMPICir WE', '', 'Ring of Quickness', ' Agility 3', '  3 Buff Duration Bonus', ' 2 Physical Healing', ' 1 True Physical Damage', '']
2025-03-12 13:45:42.744 DEBUG:	Found: ['Ring of Quickness']
2025-03-12 13:45:42.744 DEBUG:	lines: ['Stash', '', 'OMPICir WE', '', 'Ring of Quickness', ' Agility 3', '  3 Buff Duration Bonus', ' 2 Physical Healing', ' 1 True Physical Damage', '']
2025-03-12 13:45:42.744 DEBUG:	Found: ['Agility']
2025-03-12 13:45:42.744 DEBUG:	lines: ['Stash', '', 'OMPICir WE', '', 'Ring of Quickness', ' Agility 3', '  3 Buff Duration Bonus', ' 2 Physical Healing', ' 1 True Physical Damage', '']
2025-03-12 13:45:42.744 DEBUG:	Found: ['%Buff Duration Bonus']
2025-03-12 13:45:42.744 DEBUG:	lines: ['Stash', '', 'OMPICir WE', '', 'Ring of Quickness', ' Agility 3', '  3 Buff Duration Bonus', ' 2 Physical Healing', ' 1 True Physical Damage', '']
2025-03-12 13:45:42.744 DEBUG:	Found: ['Physical Healing']
2025-03-12 13:45:42.744 DEBUG:	lines: ['Stash', '', 'OMPICir WE', '', 'Ring of Quickness', ' Agility 3', '  3 Buff Duration Bonus', ' 2 Physical Healing', ' 1 True Physical Damage', '']
2025-03-12 13:45:42.745 DEBUG:	Found: ['True Physical Damage']
2025-03-12 13:45:42.745 DEBUG:	lines: ['Stash', '', 'OMPICir WE', '', 'Ring of Quickness', ' Agility 3', '  3 Buff Duration Bonus', ' 2 Physical Healing', ' 1 True Physical Damage', '']
2025-03-12 13:45:42.745 DEBUG:	Found: []
2025-03-12 13:45:42.745 DEBUG:	New item created
2025-03-12 13:45:42.748 DEBUG:	Searching for Image... @ coords 1420  181  230  120
2025-03-12 13:45:42.801 DEBUG:	Failed to find image
2025-03-12 13:45:42.803 DEBUG:	Searching for Ring of Quickness price
2025-03-12 13:45:42.803 DEBUG:	many roll item found
2025-03-12 13:45:42.804 DEBUG:	foundTxt: <span style="color:black;"><span style='color: Orchid;'>Epic Ring of Quickness</span></span>
2025-03-12 13:45:42.826 DEBUG:	foundTxt: <span style="color:black;"><span style='color: white;'>Finding prices...  </span></span>
2025-03-12 13:45:42.838 DEBUG:	['C:\\Program Files\\Tesseract-OCR\\tesseract.exe', 'C:\\Users\\nfgew\\AppData\\Local\\Temp\\tess_7831t61h_input.PNG', 'C:\\Users\\nfgew\\AppData\\Local\\Temp\\tess_7831t61h', '--oem', '3', '--psm', '6', '-c', 'tessedit_char_whitelist=0123456789', 'txt']
2025-03-12 13:45:42.967 DEBUG:	Found prices: []
2025-03-12 13:45:42.967 DEBUG:	no price found ...
2025-03-12 13:45:43.236 DEBUG:	foundTxt: <span style="color:black;"><span style='color: white;'>Finding prices...  </span></span>
2025-03-12 13:45:43.473 DEBUG:	Searching for Image... @ coords 1212  272  450  730
2025-03-12 13:45:43.590 DEBUG:	Searching for Image... @ coords 1212  272  450  730
2025-03-12 13:45:43.698 DEBUG:	Searching for Image... @ coords 1212  272  450  730
2025-03-12 13:45:43.804 DEBUG:	Searching for Image... @ coords 1212  272  450  730
2025-03-12 13:45:43.909 DEBUG:	Searching for Image... @ coords 1212  272  450  730
2025-03-12 13:45:44.024 DEBUG:	Searching for Image... @ coords 1212  272  450  730
2025-03-12 13:45:44.100 DEBUG:	Failed to find image
2025-03-12 13:45:44.135 DEBUG:	['C:\\Program Files\\Tesseract-OCR\\tesseract.exe', 'C:\\Users\\nfgew\\AppData\\Local\\Temp\\tess_8ya9nrzq_input.PNG', 'C:\\Users\\nfgew\\AppData\\Local\\Temp\\tess_8ya9nrzq', '--oem', '3', '--psm', '6', '-c', 'tessedit_char_whitelist=0123456789', 'txt']
2025-03-12 13:45:44.304 DEBUG:	Found prices: [265, 274, 275, 277, 280, 288, 289, 289, 295, 298]
2025-03-12 13:45:44.304 DEBUG:	Calcing price ... Method 3...
2025-03-12 13:45:44.304 DEBUG:	Found price 271
2025-03-12 13:45:44.336 DEBUG:	foundTxt: <span style="color:black;"><span style='color: white;'>Found  </span></span>
2025-03-12 13:45:44.337 DEBUG:	foundTxt: <span style="color:black;"><span style='color: Gold;'>271 </span></span>
2025-03-12 13:45:44.337 DEBUG:	foundTxt: <span style="color:black;"><span style='color: white;'>... </span></span>
2025-03-12 13:45:44.543 DEBUG:	Searching for Image... @ coords 600  300  700  600
2025-03-12 13:45:44.621 DEBUG:	Failed to find image
2025-03-12 13:45:44.690 DEBUG:	Blacklisting stash squares ...
2025-03-12 13:45:44.690 DEBUG:	item size save:11
2025-03-12 13:45:44.690 DEBUG:	foundTxt: <span style="color:black;"><span style='color: Red;'>Item not listed </span></span>
2025-03-12 13:45:44.690 DEBUG:	foundTxt: <span style="color:black;"><span style='color: white;'>... Skipping</span></span>
2025-03-12 13:45:44.783 DEBUG:	['C:\\Program Files\\Tesseract-OCR\\tesseract.exe', 'C:\\Users\\nfgew\\AppData\\Local\\Temp\\tess_9pbpfibv_input.PNG', 'C:\\Users\\nfgew\\AppData\\Local\\Temp\\tess_9pbpfibv', '--psm', '6', 'txt']
2025-03-12 13:45:44.997 DEBUG:	7 listings available
2025-03-12 13:45:44.997 DEBUG:	Searching stash at x:1506 y:209
2025-03-12 13:45:45.027 DEBUG:	Pixel val for x:1506 y:209 97
2025-03-12 13:45:45.027 DEBUG:	No item detected: 97 < 110
2025-03-12 13:45:45.027 DEBUG:	Searching stash at x:1546 y:209
2025-03-12 13:45:45.060 DEBUG:	Pixel val for x:1546 y:209 197
2025-03-12 13:45:45.060 DEBUG:	Item detected
2025-03-12 13:45:45.362 DEBUG:	foundTxt: <span style="color:black;"><span style='color: white;'>Reading item... </span></span>
2025-03-12 13:45:45.675 DEBUG:	Searching for Image... @ coords 0  0  1920  1080
2025-03-12 13:45:45.897 DEBUG:	foundTxt: <span style="color:black;"><span style='color: white;'>Getting item info... </span></span>
2025-03-12 13:45:45.904 DEBUG:	Searching for Image topLeftCorner in <PIL.Image.Image image mode=RGB size=535x750 at 0x241E4B36E40>...
2025-03-12 13:45:45.936 DEBUG:	Failed to find any image
2025-03-12 13:45:45.936 DEBUG:	Searching for Image topRightCorner in <PIL.Image.Image image mode=RGB size=535x750 at 0x241E4B36E40>...
2025-03-12 13:45:45.970 DEBUG:	Searching for Image bottomLeftCorner in <PIL.Image.Image image mode=RGB size=535x750 at 0x241E4B36E40>...
2025-03-12 13:45:46.002 DEBUG:	Searching for Image bottomRightCorner in <PIL.Image.Image image mode=RGB size=535x750 at 0x241E4B36E40>...
2025-03-12 13:45:46.035 DEBUG:	Failed to find any image
2025-03-12 13:45:46.036 DEBUG:	Searching form market stash
2025-03-12 13:45:46.036 DEBUG:	Searching for Image topLeftCorner in <PIL.Image.Image image mode=RGB size=535x750 at 0x241E4B36E40>...
2025-03-12 13:45:46.065 DEBUG:	foundTxt: <span style="color:black;"><span style='color: white;'>Searching... </span></span>
2025-03-12 13:45:46.098 DEBUG:	Failed to find any image
2025-03-12 13:45:46.099 DEBUG:	Searching for Image bottomRightCorner in <PIL.Image.Image image mode=RGB size=535x750 at 0x241E4B36E40>...
2025-03-12 13:45:46.133 DEBUG:	Failed to find any image
2025-03-12 13:45:46.133 DEBUG:	Searching for Image topRightCorner in <PIL.Image.Image image mode=RGB size=535x750 at 0x241E4B36E40>...
2025-03-12 13:45:46.164 DEBUG:	Searching for Image bottomLeftCorner in <PIL.Image.Image image mode=RGB size=535x750 at 0x241E4B36E40>...
2025-03-12 13:45:46.197 DEBUG:	item area: 1 x 3
2025-03-12 13:45:46.197 DEBUG:	Searching for Image poor in <PIL.Image.Image image mode=RGB size=535x750 at 0x241E4B36E40>...
2025-03-12 13:45:46.233 DEBUG:	Failed to find any image
2025-03-12 13:45:46.233 DEBUG:	Searching for Image common in <PIL.Image.Image image mode=RGB size=535x750 at 0x241E4B36E40>...
2025-03-12 13:45:46.263 DEBUG:	Failed to find any image
2025-03-12 13:45:46.263 DEBUG:	Searching for Image uncommon in <PIL.Image.Image image mode=RGB size=535x750 at 0x241E4B36E40>...
2025-03-12 13:45:46.277 DEBUG:	Searching for Image... @ coords 150  150  200  200
2025-03-12 13:45:46.307 DEBUG:	Failed to find any image
2025-03-12 13:45:46.307 DEBUG:	Searching for Image rare in <PIL.Image.Image image mode=RGB size=535x750 at 0x241E4B36E40>...
2025-03-12 13:45:46.339 DEBUG:	Failed to find any image
2025-03-12 13:45:46.339 DEBUG:	Searching for Image epic in <PIL.Image.Image image mode=RGB size=535x750 at 0x241E4B36E40>...
2025-03-12 13:45:46.370 DEBUG:	Failed to find any image
2025-03-12 13:45:46.370 DEBUG:	Searching for Image legendary in <PIL.Image.Image image mode=RGB size=535x750 at 0x241E4B36E40>...
2025-03-12 13:45:46.374 DEBUG:	Searching for Image... @ coords 150  150  200  200
2025-03-12 13:45:46.468 DEBUG:	Searching for Image... @ coords 150  150  200  200
2025-03-12 13:45:46.510 DEBUG:	['C:\\Program Files\\Tesseract-OCR\\tesseract.exe', 'C:\\Users\\nfgew\\AppData\\Local\\Temp\\tess_gq42kkav_input.PNG', 'C:\\Users\\nfgew\\AppData\\Local\\Temp\\tess_gq42kkav', '--psm', '6', 'txt']
2025-03-12 13:45:46.558 DEBUG:	Searching for Image... @ coords 150  150  200  200
2025-03-12 13:45:46.613 DEBUG:	Failed to find image
2025-03-12 13:45:46.968 DEBUG:	Searching for Image unique in <PIL.Image.Image image mode=RGB size=535x750 at 0x241E4B36E40>...
2025-03-12 13:45:46.998 DEBUG:	Failed to find any image
2025-03-12 13:45:46.998 DEBUG:	Found Legendary item
2025-03-12 13:45:47.023 DEBUG:	['C:\\Program Files\\Tesseract-OCR\\tesseract.exe', 'C:\\Users\\nfgew\\AppData\\Local\\Temp\\tess_bsslkmr6_input.PNG', 'C:\\Users\\nfgew\\AppData\\Local\\Temp\\tess_bsslkmr6', 'txt']
2025-03-12 13:45:47.191 DEBUG:	Searching for Image... @ coords 1420  181  230  120
2025-03-12 13:45:47.252 DEBUG:	Failed to find image
2025-03-12 13:45:47.311 DEBUG:	lines: ['Ae    we  ', '', 'Recurve Bow', '', ' Weapon Damage 40', ' Move Speed 40', '', ' Armor Penetration 10', '', '  2 Physical Damage Bonus', '  57 Buff Duration Bonus', ' 3 Physical Power', '', 'rl  16 Action Speed', '', ' Required Class', '', 'oil', '']
2025-03-12 13:45:47.311 DEBUG:	foundTxt: <span style="color:black;"><span style='color: white;'>Storing item rolls...</span></span>
2025-03-12 13:45:47.312 DEBUG:	Found: []
2025-03-12 13:45:47.313 DEBUG:	Found: []
2025-03-12 13:45:47.313 DEBUG:	lines: ['Ae    we  ', '', 'Recurve Bow', '', ' Weapon Damage 40', ' Move Speed 40', '', ' Armor Penetration 10', '', '  2 Physical Damage Bonus', '  57 Buff Duration Bonus', ' 3 Physical Power', '', 'rl  16 Action Speed', '', ' Required Class', '', 'oil', '']
2025-03-12 13:45:47.313 DEBUG:	Found: []
2025-03-12 13:45:47.313 DEBUG:	Found: []
2025-03-12 13:45:47.313 DEBUG:	lines: ['Ae    we  ', '', 'Recurve Bow', '', ' Weapon Damage 40', ' Move Speed 40', '', ' Armor Penetration 10', '', '  2 Physical Damage Bonus', '  57 Buff Duration Bonus', ' 3 Physical Power', '', 'rl  16 Action Speed', '', ' Required Class', '', 'oil', '']
2025-03-12 13:45:47.314 DEBUG:	Found: ['Recurve Bow']
2025-03-12 13:45:47.314 DEBUG:	lines: ['Ae    we  ', '', 'Recurve Bow', '', ' Weapon Damage 40', ' Move Speed 40', '', ' Armor Penetration 10', '', '  2 Physical Damage Bonus', '  57 Buff Duration Bonus', ' 3 Physical Power', '', 'rl  16 Action Speed', '', ' Required Class', '', 'oil', '']
2025-03-12 13:45:47.314 DEBUG:	Found: []
2025-03-12 13:45:47.314 DEBUG:	lines: ['Ae    we  ', '', 'Recurve Bow', '', ' Weapon Damage 40', ' Move Speed 40', '', ' Armor Penetration 10', '', '  2 Physical Damage Bonus', '  57 Buff Duration Bonus', ' 3 Physical Power', '', 'rl  16 Action Speed', '', ' Required Class', '', 'oil', '']
2025-03-12 13:45:47.315 DEBUG:	Found: ['Weapon Damage']
2025-03-12 13:45:47.315 DEBUG:	lines: ['Ae    we  ', '', 'Recurve Bow', '', ' Weapon Damage 40', ' Move Speed 40', '', ' Armor Penetration 10', '', '  2 Physical Damage Bonus', '  57 Buff Duration Bonus', ' 3 Physical Power', '', 'rl  16 Action Speed', '', ' Required Class', '', 'oil', '']
2025-03-12 13:45:47.315 DEBUG:	Found: ['Move Speed']
2025-03-12 13:45:47.315 DEBUG:	lines: ['Ae    we  ', '', 'Recurve Bow', '', ' Weapon Damage 40', ' Move Speed 40', '', ' Armor Penetration 10', '', '  2 Physical Damage Bonus', '  57 Buff Duration Bonus', ' 3 Physical Power', '', 'rl  16 Action Speed', '', ' Required Class', '', 'oil', '']
2025-03-12 13:45:47.315 DEBUG:	Found: []
2025-03-12 13:45:47.315 DEBUG:	lines: ['Ae    we  ', '', 'Recurve Bow', '', ' Weapon Damage 40', ' Move Speed 40', '', ' Armor Penetration 10', '', '  2 Physical Damage Bonus', '  57 Buff Duration Bonus', ' 3 Physical Power', '', 'rl  16 Action Speed', '', ' Required Class', '', 'oil', '']
2025-03-12 13:45:47.316 DEBUG:	Found: ['%Armor Penetration']
2025-03-12 13:45:47.316 DEBUG:	lines: ['Ae    we  ', '', 'Recurve Bow', '', ' Weapon Damage 40', ' Move Speed 40', '', ' Armor Penetration 10', '', '  2 Physical Damage Bonus', '  57 Buff Duration Bonus', ' 3 Physical Power', '', 'rl  16 Action Speed', '', ' Required Class', '', 'oil', '']
2025-03-12 13:45:47.316 DEBUG:	Found: []
2025-03-12 13:45:47.316 DEBUG:	lines: ['Ae    we  ', '', 'Recurve Bow', '', ' Weapon Damage 40', ' Move Speed 40', '', ' Armor Penetration 10', '', '  2 Physical Damage Bonus', '  57 Buff Duration Bonus', ' 3 Physical Power', '', 'rl  16 Action Speed', '', ' Required Class', '', 'oil', '']
2025-03-12 13:45:47.316 DEBUG:	Found: ['%Physical Damage Bonus']
2025-03-12 13:45:47.316 DEBUG:	lines: ['Ae    we  ', '', 'Recurve Bow', '', ' Weapon Damage 40', ' Move Speed 40', '', ' Armor Penetration 10', '', '  2 Physical Damage Bonus', '  57 Buff Duration Bonus', ' 3 Physical Power', '', 'rl  16 Action Speed', '', ' Required Class', '', 'oil', '']
2025-03-12 13:45:47.317 DEBUG:	Found: ['%Buff Duration Bonus']
2025-03-12 13:45:47.317 DEBUG:	lines: ['Ae    we  ', '', 'Recurve Bow', '', ' Weapon Damage 40', ' Move Speed 40', '', ' Armor Penetration 10', '', '  2 Physical Damage Bonus', '  57 Buff Duration Bonus', ' 3 Physical Power', '', 'rl  16 Action Speed', '', ' Required Class', '', 'oil', '']
2025-03-12 13:45:47.317 DEBUG:	Found: ['Physical Power']
2025-03-12 13:45:47.317 DEBUG:	lines: ['Ae    we  ', '', 'Recurve Bow', '', ' Weapon Damage 40', ' Move Speed 40', '', ' Armor Penetration 10', '', '  2 Physical Damage Bonus', '  57 Buff Duration Bonus', ' 3 Physical Power', '', 'rl  16 Action Speed', '', ' Required Class', '', 'oil', '']
2025-03-12 13:45:47.317 DEBUG:	Found: []
2025-03-12 13:45:47.317 DEBUG:	lines: ['Ae    we  ', '', 'Recurve Bow', '', ' Weapon Damage 40', ' Move Speed 40', '', ' Armor Penetration 10', '', '  2 Physical Damage Bonus', '  57 Buff Duration Bonus', ' 3 Physical Power', '', 'rl  16 Action Speed', '', ' Required Class', '', 'oil', '']
2025-03-12 13:45:47.318 DEBUG:	Found: ['%Action Speed']
2025-03-12 13:45:47.318 DEBUG:	lines: ['Ae    we  ', '', 'Recurve Bow', '', ' Weapon Damage 40', ' Move Speed 40', '', ' Armor Penetration 10', '', '  2 Physical Damage Bonus', '  57 Buff Duration Bonus', ' 3 Physical Power', '', 'rl  16 Action Speed', '', ' Required Class', '', 'oil', '']
2025-03-12 13:45:47.318 DEBUG:	Found: []
2025-03-12 13:45:47.318 DEBUG:	lines: ['Ae    we  ', '', 'Recurve Bow', '', ' Weapon Damage 40', ' Move Speed 40', '', ' Armor Penetration 10', '', '  2 Physical Damage Bonus', '  57 Buff Duration Bonus', ' 3 Physical Power', '', 'rl  16 Action Speed', '', ' Required Class', '', 'oil', '']
2025-03-12 13:45:47.318 DEBUG:	Found: []
2025-03-12 13:45:47.318 DEBUG:	lines: ['Ae    we  ', '', 'Recurve Bow', '', ' Weapon Damage 40', ' Move Speed 40', '', ' Armor Penetration 10', '', '  2 Physical Damage Bonus', '  57 Buff Duration Bonus', ' 3 Physical Power', '', 'rl  16 Action Speed', '', ' Required Class', '', 'oil', '']
2025-03-12 13:45:47.319 DEBUG:	Found: []
2025-03-12 13:45:47.319 DEBUG:	lines: ['Ae    we  ', '', 'Recurve Bow', '', ' Weapon Damage 40', ' Move Speed 40', '', ' Armor Penetration 10', '', '  2 Physical Damage Bonus', '  57 Buff Duration Bonus', ' 3 Physical Power', '', 'rl  16 Action Speed', '', ' Required Class', '', 'oil', '']
2025-03-12 13:45:47.319 DEBUG:	Found: []
2025-03-12 13:45:47.319 DEBUG:	lines: ['Ae    we  ', '', 'Recurve Bow', '', ' Weapon Damage 40', ' Move Speed 40', '', ' Armor Penetration 10', '', '  2 Physical Damage Bonus', '  57 Buff Duration Bonus', ' 3 Physical Power', '', 'rl  16 Action Speed', '', ' Required Class', '', 'oil', '']
2025-03-12 13:45:47.319 DEBUG:	Found: []
2025-03-12 13:45:47.319 DEBUG:	New item created
2025-03-12 13:45:47.319 DEBUG:	Searching for Recurve Bow price
2025-03-12 13:45:47.319 DEBUG:	many roll item found
2025-03-12 13:45:47.320 DEBUG:	foundTxt: <span style="color:black;"><span style='color: Goldenrod;'>Legendary Recurve Bow</span></span>
2025-03-12 13:45:47.349 DEBUG:	foundTxt: <span style="color:black;"><span style='color: white;'>Finding prices...  </span></span>
2025-03-12 13:45:47.363 DEBUG:	['C:\\Program Files\\Tesseract-OCR\\tesseract.exe', 'C:\\Users\\nfgew\\AppData\\Local\\Temp\\tess_5i_swj38_input.PNG', 'C:\\Users\\nfgew\\AppData\\Local\\Temp\\tess_5i_swj38', '--oem', '3', '--psm', '6', '-c', 'tessedit_char_whitelist=0123456789', 'txt']
2025-03-12 13:45:47.510 DEBUG:	Found prices: [280, 300, 345, 350, 350, 870, 900]
2025-03-12 13:45:47.511 DEBUG:	Calcing price ... Method 3...
2025-03-12 13:45:47.511 DEBUG:	Found price 308
2025-03-12 13:45:47.511 DEBUG:	foundTxt: <span style="color:black;"><span style='color: white;'>Found  </span></span>
2025-03-12 13:45:47.531 DEBUG:	foundTxt: <span style="color:black;"><span style='color: Gold;'>308 </span></span>
2025-03-12 13:45:47.531 DEBUG:	foundTxt: <span style="color:black;"><span style='color: white;'>... </span></span>
2025-03-12 13:45:47.739 DEBUG:	Searching for Image... @ coords 600  300  700  600
2025-03-12 13:45:47.820 DEBUG:	Failed to find image
2025-03-12 13:45:47.888 DEBUG:	Blacklisting stash squares ...
2025-03-12 13:45:47.888 DEBUG:	foundTxt: <span style="color:black;"><span style='color: Red;'>Item not listed </span></span>
2025-03-12 13:45:47.888 DEBUG:	item size save:13
2025-03-12 13:45:47.888 DEBUG:	foundTxt: <span style="color:black;"><span style='color: white;'>... Skipping</span></span>
2025-03-12 13:45:47.939 DEBUG:	blacklisted 4+0,0+1
2025-03-12 13:45:47.939 DEBUG:	blacklisted 4+0,0+2
2025-03-12 13:45:47.989 DEBUG:	['C:\\Program Files\\Tesseract-OCR\\tesseract.exe', 'C:\\Users\\nfgew\\AppData\\Local\\Temp\\tess_bqg2f2il_input.PNG', 'C:\\Users\\nfgew\\AppData\\Local\\Temp\\tess_bqg2f2il', '--psm', '6', 'txt']
2025-03-12 13:45:48.210 DEBUG:	7 listings available
2025-03-12 13:45:48.210 DEBUG:	Searching stash at x:1586 y:209
2025-03-12 13:45:48.242 DEBUG:	Pixel val for x:1586 y:209 217
2025-03-12 13:45:48.242 DEBUG:	Item detected
2025-03-12 13:45:48.544 DEBUG:	foundTxt: <span style="color:black;"><span style='color: white;'>Reading item... </span></span>
2025-03-12 13:45:48.858 DEBUG:	Searching for Image... @ coords 0  0  1920  1080
2025-03-12 13:45:49.098 DEBUG:	foundTxt: <span style="color:black;"><span style='color: white;'>Getting item info... </span></span>
2025-03-12 13:45:49.104 DEBUG:	Searching for Image topLeftCorner in <PIL.Image.Image image mode=RGB size=535x750 at 0x241E6900D10>...
2025-03-12 13:45:49.138 DEBUG:	Searching for Image topRightCorner in <PIL.Image.Image image mode=RGB size=535x750 at 0x241E6900D10>...
2025-03-12 13:45:49.171 DEBUG:	Searching for Image bottomLeftCorner in <PIL.Image.Image image mode=RGB size=535x750 at 0x241E6900D10>...
2025-03-12 13:45:49.206 DEBUG:	Failed to find any image
2025-03-12 13:45:49.206 DEBUG:	Searching for Image bottomRightCorner in <PIL.Image.Image image mode=RGB size=535x750 at 0x241E6900D10>...
2025-03-12 13:45:49.242 DEBUG:	Searching form market stash
2025-03-12 13:45:49.242 DEBUG:	Searching for Image topLeftCorner in <PIL.Image.Image image mode=RGB size=535x750 at 0x241E6900D10>...
2025-03-12 13:45:49.271 DEBUG:	foundTxt: <span style="color:black;"><span style='color: white;'>Searching... </span></span>
2025-03-12 13:45:49.310 DEBUG:	Searching for Image bottomRightCorner in <PIL.Image.Image image mode=RGB size=535x750 at 0x241E6900D10>...
2025-03-12 13:45:49.345 DEBUG:	item area: 1 x 1
2025-03-12 13:45:49.345 DEBUG:	Searching for Image poor in <PIL.Image.Image image mode=RGB size=535x750 at 0x241E6900D10>...
2025-03-12 13:45:49.382 DEBUG:	Failed to find any image
2025-03-12 13:45:49.382 DEBUG:	Searching for Image common in <PIL.Image.Image image mode=RGB size=535x750 at 0x241E6900D10>...
2025-03-12 13:45:49.416 DEBUG:	Failed to find any image
2025-03-12 13:45:49.416 DEBUG:	Searching for Image uncommon in <PIL.Image.Image image mode=RGB size=535x750 at 0x241E6900D10>...
2025-03-12 13:45:49.447 DEBUG:	Failed to find any image
2025-03-12 13:45:49.447 DEBUG:	Searching for Image rare in <PIL.Image.Image image mode=RGB size=535x750 at 0x241E6900D10>...
2025-03-12 13:45:49.479 DEBUG:	Searching for Image... @ coords 150  150  200  200
2025-03-12 13:45:49.570 DEBUG:	Searching for Image... @ coords 150  150  200  200
2025-03-12 13:45:49.592 DEBUG:	['C:\\Program Files\\Tesseract-OCR\\tesseract.exe', 'C:\\Users\\nfgew\\AppData\\Local\\Temp\\tess_tvj50sqz_input.PNG', 'C:\\Users\\nfgew\\AppData\\Local\\Temp\\tess_tvj50sqz', '--psm', '6', 'txt']
2025-03-12 13:45:49.657 DEBUG:	Searching for Image... @ coords 150  150  200  200
2025-03-12 13:45:49.752 DEBUG:	Searching for Image... @ coords 150  150  200  200
2025-03-12 13:45:49.840 DEBUG:	Searching for Image... @ coords 150  150  200  200
2025-03-12 13:45:49.930 DEBUG:	Searching for Image... @ coords 150  150  200  200
2025-03-12 13:45:49.958 DEBUG:	Searching for Image epic in <PIL.Image.Image image mode=RGB size=535x750 at 0x241E6900D10>...
2025-03-12 13:45:49.996 DEBUG:	Failed to find any image
2025-03-12 13:45:49.997 DEBUG:	Searching for Image legendary in <PIL.Image.Image image mode=RGB size=535x750 at 0x241E6900D10>...
2025-03-12 13:45:50.019 DEBUG:	Searching for Image... @ coords 150  150  200  200
2025-03-12 13:45:50.050 DEBUG:	Failed to find any image
2025-03-12 13:45:50.051 DEBUG:	Searching for Image unique in <PIL.Image.Image image mode=RGB size=535x750 at 0x241E6900D10>...
2025-03-12 13:45:50.083 DEBUG:	Failed to find image
2025-03-12 13:45:50.087 DEBUG:	Failed to find any image
2025-03-12 13:45:50.088 DEBUG:	Found Rare item
2025-03-12 13:45:50.112 DEBUG:	['C:\\Program Files\\Tesseract-OCR\\tesseract.exe', 'C:\\Users\\nfgew\\AppData\\Local\\Temp\\tess_w8h2yqkn_input.PNG', 'C:\\Users\\nfgew\\AppData\\Local\\Temp\\tess_w8h2yqkn', 'txt']
2025-03-12 13:45:50.329 DEBUG:	lines: ['TAl61   ela ', '', 'Badger Pendant', '', ' will 2', ' 1 All Attributes', ' 8 Additional Armor Rating', '', 'Slot Type Necklace']
2025-03-12 13:45:50.329 DEBUG:	foundTxt: <span style="color:black;"><span style='color: white;'>Storing item rolls...</span></span>
2025-03-12 13:45:50.330 DEBUG:	Found: []
2025-03-12 13:45:50.330 DEBUG:	Found: []
2025-03-12 13:45:50.330 DEBUG:	lines: ['TAl61   ela ', '', 'Badger Pendant', '', ' will 2', ' 1 All Attributes', ' 8 Additional Armor Rating', '', 'Slot Type Necklace']
2025-03-12 13:45:50.331 DEBUG:	Found: []
2025-03-12 13:45:50.331 DEBUG:	Found: []
2025-03-12 13:45:50.331 DEBUG:	lines: ['TAl61   ela ', '', 'Badger Pendant', '', ' will 2', ' 1 All Attributes', ' 8 Additional Armor Rating', '', 'Slot Type Necklace']
2025-03-12 13:45:50.333 DEBUG:	Found: ['Badger Pendant']
2025-03-12 13:45:50.333 DEBUG:	lines: ['TAl61   ela ', '', 'Badger Pendant', '', ' will 2', ' 1 All Attributes', ' 8 Additional Armor Rating', '', 'Slot Type Necklace']
2025-03-12 13:45:50.333 DEBUG:	Found: []
2025-03-12 13:45:50.334 DEBUG:	lines: ['TAl61   ela ', '', 'Badger Pendant', '', ' will 2', ' 1 All Attributes', ' 8 Additional Armor Rating', '', 'Slot Type Necklace']
2025-03-12 13:45:50.334 DEBUG:	Found: []
2025-03-12 13:45:50.334 DEBUG:	lines: ['TAl61   ela ', '', 'Badger Pendant', '', ' will 2', ' 1 All Attributes', ' 8 Additional Armor Rating', '', 'Slot Type Necklace']
2025-03-12 13:45:50.334 DEBUG:	Found: ['All Attributes']
2025-03-12 13:45:50.334 DEBUG:	lines: ['TAl61   ela ', '', 'Badger Pendant', '', ' will 2', ' 1 All Attributes', ' 8 Additional Armor Rating', '', 'Slot Type Necklace']
2025-03-12 13:45:50.334 DEBUG:	Found: ['Additional Memory Capacity']
2025-03-12 13:45:50.335 DEBUG:	lines: ['TAl61   ela ', '', 'Badger Pendant', '', ' will 2', ' 1 All Attributes', ' 8 Additional Armor Rating', '', 'Slot Type Necklace']
2025-03-12 13:45:50.335 DEBUG:	Found: []
2025-03-12 13:45:50.335 DEBUG:	lines: ['TAl61   ela ', '', 'Badger Pendant', '', ' will 2', ' 1 All Attributes', ' 8 Additional Armor Rating', '', 'Slot Type Necklace']
2025-03-12 13:45:50.335 DEBUG:	Found: []
2025-03-12 13:45:50.335 DEBUG:	New item created
2025-03-12 13:45:50.656 DEBUG:	Searching for Image... @ coords 1420  181  230  120
2025-03-12 13:45:50.712 DEBUG:	Failed to find image
2025-03-12 13:45:50.713 DEBUG:	Searching for Badger Pendant price
2025-03-12 13:45:50.713 DEBUG:	many roll item found
2025-03-12 13:45:50.713 DEBUG:	foundTxt: <span style="color:black;"><span style='color: MediumBlue;'>Rare Badger Pendant</span></span>
2025-03-12 13:45:50.733 DEBUG:	foundTxt: <span style="color:black;"><span style='color: white;'>Finding prices...  </span></span>
2025-03-12 13:45:50.746 DEBUG:	['C:\\Program Files\\Tesseract-OCR\\tesseract.exe', 'C:\\Users\\nfgew\\AppData\\Local\\Temp\\tess_sztskvnm_input.PNG', 'C:\\Users\\nfgew\\AppData\\Local\\Temp\\tess_sztskvnm', '--oem', '3', '--psm', '6', '-c', 'tessedit_char_whitelist=0123456789', 'txt']
2025-03-12 13:45:50.887 DEBUG:	Found prices: [99]
2025-03-12 13:45:50.887 DEBUG:	Calcing price ... Method 3...
2025-03-12 13:45:50.887 DEBUG:	Found price 99
2025-03-12 13:45:50.887 DEBUG:	foundTxt: <span style="color:black;"><span style='color: white;'>Found  </span></span>
2025-03-12 13:45:50.888 DEBUG:	foundTxt: <span style="color:black;"><span style='color: Gold;'>99 </span></span>
2025-03-12 13:45:50.888 DEBUG:	foundTxt: <span style="color:black;"><span style='color: white;'>... </span></span>
2025-03-12 13:45:51.157 DEBUG:	foundTxt: <span style="color:black;"><span style='color: white;'>Finding prices...  </span></span>
2025-03-12 13:45:51.399 DEBUG:	Searching for Image... @ coords 1212  272  450  730
2025-03-12 13:45:51.507 DEBUG:	Searching for Image... @ coords 1212  272  450  730
2025-03-12 13:45:51.621 DEBUG:	Searching for Image... @ coords 1212  272  450  730
2025-03-12 13:45:51.728 DEBUG:	Searching for Image... @ coords 1212  272  450  730
2025-03-12 13:45:51.844 DEBUG:	Searching for Image... @ coords 1212  272  450  730
2025-03-12 13:45:51.952 DEBUG:	Searching for Image... @ coords 1212  272  450  730
2025-03-12 13:45:52.034 DEBUG:	Failed to find image
2025-03-12 13:45:52.078 DEBUG:	['C:\\Program Files\\Tesseract-OCR\\tesseract.exe', 'C:\\Users\\nfgew\\AppData\\Local\\Temp\\tess_3sbmdv9d_input.PNG', 'C:\\Users\\nfgew\\AppData\\Local\\Temp\\tess_3sbmdv9d', '--oem', '3', '--psm', '6', '-c', 'tessedit_char_whitelist=0123456789', 'txt']
2025-03-12 13:45:52.235 DEBUG:	Found prices: [39, 39, 39, 39, 40, 40, 40, 40, 40, 40]
2025-03-12 13:45:52.235 DEBUG:	Calcing price ... Method 3...
2025-03-12 13:45:52.235 DEBUG:	Found price 39
2025-03-12 13:45:52.235 DEBUG:	foundTxt: <span style="color:black;"><span style='color: white;'>Found  </span></span>
2025-03-12 13:45:52.236 DEBUG:	foundTxt: <span style="color:black;"><span style='color: Gold;'>39 </span></span>
2025-03-12 13:45:52.236 DEBUG:	foundTxt: <span style="color:black;"><span style='color: white;'>... </span></span>
2025-03-12 13:45:52.844 DEBUG:	Selling via sell hotkey
2025-03-12 13:45:52.844 DEBUG:	Turning runSearch FALSE
2025-03-12 13:45:52.845 DEBUG:	foundTxt: <span style="color:black;"><span style='color: red;'>Terminating Sell Script...</span></span>
2025-03-12 13:45:53.514 DEBUG:	Searched for a roll
2025-03-12 13:45:53.514 DEBUG:	foundTxt: <span style="color:black;"><span style='color: white;'>Finding prices...  </span></span>
2025-03-12 13:45:53.752 DEBUG:	Searching for Image... @ coords 1212  272  450  730
2025-03-12 13:45:53.872 DEBUG:	Searching for Image... @ coords 1212  272  450  730
2025-03-12 13:45:53.986 DEBUG:	Searching for Image... @ coords 1212  272  450  730
2025-03-12 13:45:54.101 DEBUG:	Searching for Image... @ coords 1212  272  450  730
2025-03-12 13:45:54.214 DEBUG:	Searching for Image... @ coords 1212  272  450  730
2025-03-12 13:45:54.331 DEBUG:	Searching for Image... @ coords 1212  272  450  730
2025-03-12 13:45:54.441 DEBUG:	Searching for Image... @ coords 1212  272  450  730
2025-03-12 13:45:54.516 DEBUG:	Failed to find image
2025-03-12 13:45:54.554 DEBUG:	['C:\\Program Files\\Tesseract-OCR\\tesseract.exe', 'C:\\Users\\nfgew\\AppData\\Local\\Temp\\tess_ouj8ue7f_input.PNG', 'C:\\Users\\nfgew\\AppData\\Local\\Temp\\tess_ouj8ue7f', '--oem', '3', '--psm', '6', '-c', 'tessedit_char_whitelist=0123456789', 'txt']
2025-03-12 13:45:54.730 DEBUG:	Found prices: [99, 99, 99, 100, 100, 100, 100, 100, 100, 100]
2025-03-12 13:45:54.730 DEBUG:	Calcing price ... Method 3...
2025-03-12 13:45:54.730 DEBUG:	Found price 99
2025-03-12 13:45:54.730 DEBUG:	foundTxt: <span style="color:black;"><span style='color: white;'>Found  </span></span>
2025-03-12 13:45:54.730 DEBUG:	Good Price Found!
2025-03-12 13:45:54.731 DEBUG:	foundTxt: <span style="color:black;"><span style='color: Gold;'>99 </span></span>
2025-03-12 13:45:54.731 DEBUG:	foundTxt: <span style="color:black;"><span style='color: white;'>... </span></span>
2025-03-12 13:45:56.052 DEBUG:	Searched for a roll
2025-03-12 13:45:56.052 DEBUG:	foundTxt: <span style="color:black;"><span style='color: white;'>Finding prices...  </span></span>
2025-03-12 13:45:56.285 DEBUG:	Searching for Image... @ coords 1212  272  450  730
2025-03-12 13:45:56.400 DEBUG:	Searching for Image... @ coords 1212  272  450  730
2025-03-12 13:45:56.512 DEBUG:	Searching for Image... @ coords 1212  272  450  730
2025-03-12 13:45:56.623 DEBUG:	Searching for Image... @ coords 1212  272  450  730
2025-03-12 13:45:56.734 DEBUG:	Searching for Image... @ coords 1212  272  450  730
2025-03-12 13:45:56.842 DEBUG:	Searching for Image... @ coords 1212  272  450  730
2025-03-12 13:45:56.921 DEBUG:	Failed to find image
2025-03-12 13:45:56.964 DEBUG:	['C:\\Program Files\\Tesseract-OCR\\tesseract.exe', 'C:\\Users\\nfgew\\AppData\\Local\\Temp\\tess_anwjtdao_input.PNG', 'C:\\Users\\nfgew\\AppData\\Local\\Temp\\tess_anwjtdao', '--oem', '3', '--psm', '6', '-c', 'tessedit_char_whitelist=0123456789', 'txt']
2025-03-12 13:45:57.102 DEBUG:	Found prices: [45, 45, 45, 45, 47, 47, 49, 49, 50, 50]
2025-03-12 13:45:57.103 DEBUG:	Calcing price ... Method 3...
2025-03-12 13:45:57.103 DEBUG:	Found price 45
2025-03-12 13:45:57.103 DEBUG:	foundTxt: <span style="color:black;"><span style='color: white;'>Found  </span></span>
2025-03-12 13:45:57.103 DEBUG:	foundTxt: <span style="color:black;"><span style='color: Gold;'>45 </span></span>
2025-03-12 13:45:57.130 DEBUG:	foundTxt: <span style="color:black;"><span style='color: white;'>... </span></span>
2025-03-12 13:45:57.130 DEBUG:	foundTxt: <span style="color:black;"><span style='color: white;'>Found  </span></span>
2025-03-12 13:45:57.130 DEBUG:	foundTxt: <span style="color:black;"><span style='color: Gold;'>99 </span></span>
2025-03-12 13:45:57.131 DEBUG:	foundTxt: <span style="color:black;"><span style='color: white;'>for  </span></span>
2025-03-12 13:45:57.131 DEBUG:	foundTxt: <span style="color:black;"><span style='color: MediumBlue;'>Rare Badger Pendant</span></span>
2025-03-12 13:45:57.337 DEBUG:	Searching for Image... @ coords 600  300  700  600
2025-03-12 13:45:57.417 DEBUG:	Failed to find image
2025-03-12 13:45:57.487 DEBUG:	0.1 undercut value
2025-03-12 13:45:57.487 DEBUG:	89 found
2025-03-12 13:45:58.224 DEBUG:	foundTxt: <span style="color:black;"><span style='color: Gold;'>Listing item for 89</span></span>
2025-03-12 13:45:58.853 DEBUG:	Listed for 89
2025-03-12 13:45:58.853 DEBUG:	foundTxt: <span style="color:black;"><span style='color: white;'>Listed item in 10.3 seconds</span></span>
2025-03-12 13:45:59.732 DEBUG:	['C:\\Program Files\\Tesseract-OCR\\tesseract.exe', 'C:\\Users\\nfgew\\AppData\\Local\\Temp\\tess_hrkwz8rh_input.PNG', 'C:\\Users\\nfgew\\AppData\\Local\\Temp\\tess_hrkwz8rh', '--psm', '6', 'txt']
2025-03-12 13:45:59.941 DEBUG:	6 listings available
2025-03-12 13:45:59.941 DEBUG:	foundTxt: <span style="color:black;"><span style='color: red;'>Script Terminated!</span></span>
2025-03-12 13:45:59.944 DEBUG:	foundTxt: <span style="color:black;"><span style='color: white;'>Finished!</span></span>
2025-03-12 13:46:00.047 DEBUG:	Stopping Log Thread
2025-03-12 13:46:12.101 DEBUG:	Connecting to database...
2025-03-12 13:46:12.795 DEBUG:	Connecting to database...
2025-03-12 13:46:13.357 DEBUG:	Connecting to database...
2025-03-12 13:46:14.306 DEBUG:	Connecting to database...
2025-03-12 13:46:14.913 DEBUG:	Connecting to database...
2025-03-12 13:47:00.577 DEBUG:	Selling via sell hotkey
