2024-10-25 18:07:24 - DEBUG - Searching for Image findItem...
2024-10-25 18:07:24 - DEBUG - Searching for Image poor...
2024-10-25 18:07:25 - DEBUG - Failed!
2024-10-25 18:07:25 - DEBUG - Searching for Image common...
2024-10-25 18:07:25 - DEBUG - Failed!
2024-10-25 18:07:25 - DEBUG - Searching for Image uncommon...
2024-10-25 18:07:25 - DEBUG - Failed!
2024-10-25 18:07:25 - DEBUG - Searching for Image rare...
2024-10-25 18:07:25 - DEBUG - Failed!
2024-10-25 18:07:25 - DEBUG - Searching for Image epic...
2024-10-25 18:07:25 - DEBUG - Failed!
2024-10-25 18:07:25 - DEBUG - Searching for Image legendary...
2024-10-25 18:07:25 - DEBUG - ['tesseract', 'C:\\Users\\nfgew\\AppData\\Local\\Temp\\tess_ipnxkxrg_input.PNG', 'C:\\Users\\nfgew\\AppData\\Local\\Temp\\tess_ipnxkxrg', '--psm', '6', 'txt']
2024-10-25 18:07:25 - DEBUG - Searching for Image unique...
2024-10-25 18:07:25 - DEBUG - Failed!
2024-10-25 18:07:25 - DEBUG - Found Legendary item

2024-10-25 18:07:25 - DEBUG - ['tesseract', 'C:\\Users\\nfgew\\AppData\\Local\\Temp\\tess_b4yezv8c_input.PNG', 'C:\\Users\\nfgew\\AppData\\Local\\Temp\\tess_b4yezv8c', 'txt']
2024-10-25 18:07:25 - DEBUG - lines: [' ', '', 'Wizard Shoes', '', 'Armor Rating 7 ', 'Move Speed 5 ', 'Magical Power 5 ', '', '1 Vigor ', '', '1 Agility ', '', '2 Strength ', '', '3 Additional Armor Rating ', '', 'Required Class', 'Wizard Warlock Druid', '', 'Slot Type Feet', 'Armor Type Leather', 'Loot State Handled', '', 'arity Legendary']
2024-10-25 18:07:25 - DEBUG - Found: []

2024-10-25 18:07:25 - DEBUG - lines: [' ', '', 'Wizard Shoes', '', 'Armor Rating 7 ', 'Move Speed 5 ', 'Magical Power 5 ', '', '1 Vigor ', '', '1 Agility ', '', '2 Strength ', '', '3 Additional Armor Rating ', '', 'Required Class', 'Wizard Warlock Druid', '', 'Slot Type Feet', 'Armor Type Leather', 'Loot State Handled', '', 'arity Legendary']
2024-10-25 18:07:25 - DEBUG - Found: []

2024-10-25 18:07:25 - DEBUG - lines: [' ', '', 'Wizard Shoes', '', 'Armor Rating 7 ', 'Move Speed 5 ', 'Magical Power 5 ', '', '1 Vigor ', '', '1 Agility ', '', '2 Strength ', '', '3 Additional Armor Rating ', '', 'Required Class', 'Wizard Warlock Druid', '', 'Slot Type Feet', 'Armor Type Leather', 'Loot State Handled', '', 'arity Legendary']
2024-10-25 18:07:25 - DEBUG - Found: ['Wizard Shoes']

2024-10-25 18:07:25 - DEBUG - Found: []

2024-10-25 18:07:25 - DEBUG - lines: [' ', '', 'Wizard Shoes', '', 'Armor Rating 7 ', 'Move Speed 5 ', 'Magical Power 5 ', '', '1 Vigor ', '', '1 Agility ', '', '2 Strength ', '', '3 Additional Armor Rating ', '', 'Required Class', 'Wizard Warlock Druid', '', 'Slot Type Feet', 'Armor Type Leather', 'Loot State Handled', '', 'arity Legendary']
2024-10-25 18:07:25 - DEBUG - Found: []

2024-10-25 18:07:25 - DEBUG - lines: [' ', '', 'Wizard Shoes', '', 'Armor Rating 7 ', 'Move Speed 5 ', 'Magical Power 5 ', '', '1 Vigor ', '', '1 Agility ', '', '2 Strength ', '', '3 Additional Armor Rating ', '', 'Required Class', 'Wizard Warlock Druid', '', 'Slot Type Feet', 'Armor Type Leather', 'Loot State Handled', '', 'arity Legendary']
2024-10-25 18:07:25 - DEBUG - Found: ['Armor Rating']

2024-10-25 18:07:25 - DEBUG - lines: [' ', '', 'Wizard Shoes', '', 'Armor Rating 7 ', 'Move Speed 5 ', 'Magical Power 5 ', '', '1 Vigor ', '', '1 Agility ', '', '2 Strength ', '', '3 Additional Armor Rating ', '', 'Required Class', 'Wizard Warlock Druid', '', 'Slot Type Feet', 'Armor Type Leather', 'Loot State Handled', '', 'arity Legendary']
2024-10-25 18:07:25 - DEBUG - Found: ['Move Speed']

2024-10-25 18:07:25 - DEBUG - lines: [' ', '', 'Wizard Shoes', '', 'Armor Rating 7 ', 'Move Speed 5 ', 'Magical Power 5 ', '', '1 Vigor ', '', '1 Agility ', '', '2 Strength ', '', '3 Additional Armor Rating ', '', 'Required Class', 'Wizard Warlock Druid', '', 'Slot Type Feet', 'Armor Type Leather', 'Loot State Handled', '', 'arity Legendary']
2024-10-25 18:07:25 - DEBUG - Found: ['Magical Power']

2024-10-25 18:07:25 - DEBUG - lines: [' ', '', 'Wizard Shoes', '', 'Armor Rating 7 ', 'Move Speed 5 ', 'Magical Power 5 ', '', '1 Vigor ', '', '1 Agility ', '', '2 Strength ', '', '3 Additional Armor Rating ', '', 'Required Class', 'Wizard Warlock Druid', '', 'Slot Type Feet', 'Armor Type Leather', 'Loot State Handled', '', 'arity Legendary']
2024-10-25 18:07:25 - DEBUG - Found: []

2024-10-25 18:07:25 - DEBUG - lines: [' ', '', 'Wizard Shoes', '', 'Armor Rating 7 ', 'Move Speed 5 ', 'Magical Power 5 ', '', '1 Vigor ', '', '1 Agility ', '', '2 Strength ', '', '3 Additional Armor Rating ', '', 'Required Class', 'Wizard Warlock Druid', '', 'Slot Type Feet', 'Armor Type Leather', 'Loot State Handled', '', 'arity Legendary']
2024-10-25 18:07:25 - DEBUG - Found: ['Vigor']

2024-10-25 18:07:25 - DEBUG - lines: [' ', '', 'Wizard Shoes', '', 'Armor Rating 7 ', 'Move Speed 5 ', 'Magical Power 5 ', '', '1 Vigor ', '', '1 Agility ', '', '2 Strength ', '', '3 Additional Armor Rating ', '', 'Required Class', 'Wizard Warlock Druid', '', 'Slot Type Feet', 'Armor Type Leather', 'Loot State Handled', '', 'arity Legendary']
2024-10-25 18:07:25 - DEBUG - Found: []

2024-10-25 18:07:25 - DEBUG - lines: [' ', '', 'Wizard Shoes', '', 'Armor Rating 7 ', 'Move Speed 5 ', 'Magical Power 5 ', '', '1 Vigor ', '', '1 Agility ', '', '2 Strength ', '', '3 Additional Armor Rating ', '', 'Required Class', 'Wizard Warlock Druid', '', 'Slot Type Feet', 'Armor Type Leather', 'Loot State Handled', '', 'arity Legendary']
2024-10-25 18:07:25 - DEBUG - Found: ['Agility']

2024-10-25 18:07:25 - DEBUG - lines: [' ', '', 'Wizard Shoes', '', 'Armor Rating 7 ', 'Move Speed 5 ', 'Magical Power 5 ', '', '1 Vigor ', '', '1 Agility ', '', '2 Strength ', '', '3 Additional Armor Rating ', '', 'Required Class', 'Wizard Warlock Druid', '', 'Slot Type Feet', 'Armor Type Leather', 'Loot State Handled', '', 'arity Legendary']
2024-10-25 18:07:25 - DEBUG - Found: []

2024-10-25 18:07:25 - DEBUG - lines: [' ', '', 'Wizard Shoes', '', 'Armor Rating 7 ', 'Move Speed 5 ', 'Magical Power 5 ', '', '1 Vigor ', '', '1 Agility ', '', '2 Strength ', '', '3 Additional Armor Rating ', '', 'Required Class', 'Wizard Warlock Druid', '', 'Slot Type Feet', 'Armor Type Leather', 'Loot State Handled', '', 'arity Legendary']
2024-10-25 18:07:25 - DEBUG - Found: ['Strength']

2024-10-25 18:07:25 - DEBUG - lines: [' ', '', 'Wizard Shoes', '', 'Armor Rating 7 ', 'Move Speed 5 ', 'Magical Power 5 ', '', '1 Vigor ', '', '1 Agility ', '', '2 Strength ', '', '3 Additional Armor Rating ', '', 'Required Class', 'Wizard Warlock Druid', '', 'Slot Type Feet', 'Armor Type Leather', 'Loot State Handled', '', 'arity Legendary']
2024-10-25 18:07:25 - DEBUG - Found: []

2024-10-25 18:07:25 - DEBUG - lines: [' ', '', 'Wizard Shoes', '', 'Armor Rating 7 ', 'Move Speed 5 ', 'Magical Power 5 ', '', '1 Vigor ', '', '1 Agility ', '', '2 Strength ', '', '3 Additional Armor Rating ', '', 'Required Class', 'Wizard Warlock Druid', '', 'Slot Type Feet', 'Armor Type Leather', 'Loot State Handled', '', 'arity Legendary']
2024-10-25 18:07:25 - DEBUG - Found: ['Additional Memory Capacity']

2024-10-25 18:07:25 - DEBUG - lines: [' ', '', 'Wizard Shoes', '', 'Armor Rating 7 ', 'Move Speed 5 ', 'Magical Power 5 ', '', '1 Vigor ', '', '1 Agility ', '', '2 Strength ', '', '3 Additional Armor Rating ', '', 'Required Class', 'Wizard Warlock Druid', '', 'Slot Type Feet', 'Armor Type Leather', 'Loot State Handled', '', 'arity Legendary']
2024-10-25 18:07:25 - DEBUG - Found: []

2024-10-25 18:07:25 - DEBUG - lines: [' ', '', 'Wizard Shoes', '', 'Armor Rating 7 ', 'Move Speed 5 ', 'Magical Power 5 ', '', '1 Vigor ', '', '1 Agility ', '', '2 Strength ', '', '3 Additional Armor Rating ', '', 'Required Class', 'Wizard Warlock Druid', '', 'Slot Type Feet', 'Armor Type Leather', 'Loot State Handled', '', 'arity Legendary']
2024-10-25 18:07:25 - DEBUG - Found: []

2024-10-25 18:07:25 - DEBUG - lines: [' ', '', 'Wizard Shoes', '', 'Armor Rating 7 ', 'Move Speed 5 ', 'Magical Power 5 ', '', '1 Vigor ', '', '1 Agility ', '', '2 Strength ', '', '3 Additional Armor Rating ', '', 'Required Class', 'Wizard Warlock Druid', '', 'Slot Type Feet', 'Armor Type Leather', 'Loot State Handled', '', 'arity Legendary']
2024-10-25 18:07:25 - DEBUG - Found: []

2024-10-25 18:07:25 - DEBUG - lines: [' ', '', 'Wizard Shoes', '', 'Armor Rating 7 ', 'Move Speed 5 ', 'Magical Power 5 ', '', '1 Vigor ', '', '1 Agility ', '', '2 Strength ', '', '3 Additional Armor Rating ', '', 'Required Class', 'Wizard Warlock Druid', '', 'Slot Type Feet', 'Armor Type Leather', 'Loot State Handled', '', 'arity Legendary']
2024-10-25 18:07:25 - DEBUG - Found: []

2024-10-25 18:07:25 - DEBUG - lines: [' ', '', 'Wizard Shoes', '', 'Armor Rating 7 ', 'Move Speed 5 ', 'Magical Power 5 ', '', '1 Vigor ', '', '1 Agility ', '', '2 Strength ', '', '3 Additional Armor Rating ', '', 'Required Class', 'Wizard Warlock Druid', '', 'Slot Type Feet', 'Armor Type Leather', 'Loot State Handled', '', 'arity Legendary']
2024-10-25 18:07:25 - DEBUG - Found: []

2024-10-25 18:07:25 - DEBUG - lines: [' ', '', 'Wizard Shoes', '', 'Armor Rating 7 ', 'Move Speed 5 ', 'Magical Power 5 ', '', '1 Vigor ', '', '1 Agility ', '', '2 Strength ', '', '3 Additional Armor Rating ', '', 'Required Class', 'Wizard Warlock Druid', '', 'Slot Type Feet', 'Armor Type Leather', 'Loot State Handled', '', 'arity Legendary']
2024-10-25 18:07:25 - DEBUG - Found: []

2024-10-25 18:07:25 - DEBUG - lines: [' ', '', 'Wizard Shoes', '', 'Armor Rating 7 ', 'Move Speed 5 ', 'Magical Power 5 ', '', '1 Vigor ', '', '1 Agility ', '', '2 Strength ', '', '3 Additional Armor Rating ', '', 'Required Class', 'Wizard Warlock Druid', '', 'Slot Type Feet', 'Armor Type Leather', 'Loot State Handled', '', 'arity Legendary']
2024-10-25 18:07:25 - DEBUG - Found: []

2024-10-25 18:07:25 - DEBUG - lines: [' ', '', 'Wizard Shoes', '', 'Armor Rating 7 ', 'Move Speed 5 ', 'Magical Power 5 ', '', '1 Vigor ', '', '1 Agility ', '', '2 Strength ', '', '3 Additional Armor Rating ', '', 'Required Class', 'Wizard Warlock Druid', '', 'Slot Type Feet', 'Armor Type Leather', 'Loot State Handled', '', 'arity Legendary']
2024-10-25 18:07:25 - DEBUG - Found: []

2024-10-25 18:07:25 - DEBUG - lines: [' ', '', 'Wizard Shoes', '', 'Armor Rating 7 ', 'Move Speed 5 ', 'Magical Power 5 ', '', '1 Vigor ', '', '1 Agility ', '', '2 Strength ', '', '3 Additional Armor Rating ', '', 'Required Class', 'Wizard Warlock Druid', '', 'Slot Type Feet', 'Armor Type Leather', 'Loot State Handled', '', 'arity Legendary']
2024-10-25 18:07:25 - DEBUG - Found: []

2024-10-25 18:07:25 - DEBUG - Searching for Image selectedViewMarket...
2024-10-25 18:07:25 - DEBUG - Failed!
2024-10-25 18:07:26 - DEBUG - Searching for Image selectedViewMarket...
2024-10-25 18:07:26 - DEBUG - Searching for Image <PIL.Image.Image image mode=RGB size=500x400 at 0x1B8F18F2D50>...
2024-10-25 18:07:26 - DEBUG - Searching for Image <PIL.Image.Image image mode=RGB size=500x400 at 0x1B8F18F2D50>...
2024-10-25 18:07:26 - DEBUG - Failed!
2024-10-25 18:07:27 - DEBUG - Searching for Image <PIL.Image.Image image mode=RGB size=130x22 at 0x1B8F2BA03E0>...
2024-10-25 18:07:27 - DEBUG - Searching for Image <PIL.Image.Image image mode=RGB size=130x22 at 0x1B8F2BA03E0>...
2024-10-25 18:07:27 - DEBUG - Searching for Image <PIL.Image.Image image mode=RGB size=130x22 at 0x1B8F2BA03E0>...
2024-10-25 18:07:27 - DEBUG - Searching for Image <PIL.Image.Image image mode=RGB size=130x22 at 0x1B8F2BA03E0>...
2024-10-25 18:07:27 - DEBUG - Searching for Image <PIL.Image.Image image mode=RGB size=130x22 at 0x1B8F2BA03E0>...
2024-10-25 18:07:27 - DEBUG - Searching for Image <PIL.Image.Image image mode=RGB size=130x22 at 0x1B8F2BA03E0>...
2024-10-25 18:07:27 - DEBUG - Searching for Image <PIL.Image.Image image mode=RGB size=130x22 at 0x1B8F2BA03E0>...
2024-10-25 18:07:27 - DEBUG - Searching for Image <PIL.Image.Image image mode=RGB size=130x22 at 0x1B8F2BA03E0>...
2024-10-25 18:07:27 - DEBUG - Searching for Image <PIL.Image.Image image mode=RGB size=130x22 at 0x1B8F2BA03E0>...
2024-10-25 18:07:27 - DEBUG - Searching for Image <PIL.Image.Image image mode=RGB size=130x22 at 0x1B8F2BA03E0>...
2024-10-25 18:07:27 - DEBUG - Searching for Image <PIL.Image.Image image mode=RGB size=130x22 at 0x1B8F2BA03E0>...
2024-10-25 18:07:28 - DEBUG - Searching for Image <PIL.Image.Image image mode=RGB size=130x22 at 0x1B8F2BA03E0>...
2024-10-25 18:07:28 - DEBUG - Searching for Image <PIL.Image.Image image mode=RGB size=130x22 at 0x1B8F2BA03E0>...
2024-10-25 18:07:28 - DEBUG - Searching for Image <PIL.Image.Image image mode=RGB size=130x22 at 0x1B8F2BA03E0>...
2024-10-25 18:07:28 - DEBUG - Searching for Image <PIL.Image.Image image mode=RGB size=130x22 at 0x1B8F2BA03E0>...
2024-10-25 18:07:28 - DEBUG - Searching for Image <PIL.Image.Image image mode=RGB size=130x22 at 0x1B8F2BA03E0>...
2024-10-25 18:07:28 - DEBUG - Searching for Image <PIL.Image.Image image mode=RGB size=130x22 at 0x1B8F2BA03E0>...
2024-10-25 18:07:28 - DEBUG - Searching for Image <PIL.Image.Image image mode=RGB size=130x22 at 0x1B8F2BA03E0>...
2024-10-25 18:07:28 - DEBUG - Searching for Image <PIL.Image.Image image mode=RGB size=130x22 at 0x1B8F2BA03E0>...
2024-10-25 18:07:28 - DEBUG - Searching for Image <PIL.Image.Image image mode=RGB size=130x22 at 0x1B8F2BA03E0>...
2024-10-25 18:07:28 - DEBUG - Searching for Image <PIL.Image.Image image mode=RGB size=130x22 at 0x1B8F2BA03E0>...
2024-10-25 18:07:29 - DEBUG - Searching for Image <PIL.Image.Image image mode=RGB size=130x22 at 0x1B8F2BA03E0>...
2024-10-25 18:07:29 - DEBUG - Searching for Image <PIL.Image.Image image mode=RGB size=130x22 at 0x1B8F2BA03E0>...
2024-10-25 18:07:29 - DEBUG - Searching for Image <PIL.Image.Image image mode=RGB size=130x22 at 0x1B8F2BA03E0>...
2024-10-25 18:07:29 - DEBUG - Searching for Image <PIL.Image.Image image mode=RGB size=130x22 at 0x1B8F2BA03E0>...
2024-10-25 18:07:29 - DEBUG - Searching for Image <PIL.Image.Image image mode=RGB size=130x22 at 0x1B8F2BA03E0>...
2024-10-25 18:07:29 - DEBUG - Searching for Image <PIL.Image.Image image mode=RGB size=130x22 at 0x1B8F2BA03E0>...
2024-10-25 18:07:29 - DEBUG - Searching for Image <PIL.Image.Image image mode=RGB size=130x22 at 0x1B8F2BA03E0>...
2024-10-25 18:07:29 - DEBUG - Searching for Image <PIL.Image.Image image mode=RGB size=130x22 at 0x1B8F2BA03E0>...
2024-10-25 18:07:29 - DEBUG - Searching for Image <PIL.Image.Image image mode=RGB size=130x22 at 0x1B8F2BA03E0>...
2024-10-25 18:07:29 - DEBUG - Searching for Image <PIL.Image.Image image mode=RGB size=130x22 at 0x1B8F2BA03E0>...
2024-10-25 18:07:29 - DEBUG - Searching for Image <PIL.Image.Image image mode=RGB size=130x22 at 0x1B8F2BA03E0>...
2024-10-25 18:07:30 - DEBUG - Searching for Image <PIL.Image.Image image mode=RGB size=130x22 at 0x1B8F2BA03E0>...
2024-10-25 18:07:30 - DEBUG - Searching for Image <PIL.Image.Image image mode=RGB size=130x22 at 0x1B8F2BA03E0>...
2024-10-25 18:07:30 - DEBUG - Searching for Image <PIL.Image.Image image mode=RGB size=130x22 at 0x1B8F2BA03E0>...
2024-10-25 18:07:30 - DEBUG - Searching for Image <PIL.Image.Image image mode=RGB size=130x22 at 0x1B8F2BA03E0>...
2024-10-25 18:07:30 - DEBUG - Searching for Image <PIL.Image.Image image mode=RGB size=130x22 at 0x1B8F2BA03E0>...
2024-10-25 18:07:30 - DEBUG - Searching for Image <PIL.Image.Image image mode=RGB size=130x22 at 0x1B8F2BA03E0>...
2024-10-25 18:07:30 - DEBUG - Searching for Image <PIL.Image.Image image mode=RGB size=130x22 at 0x1B8F2BA03E0>...
2024-10-25 18:07:30 - DEBUG - Searching for Image <PIL.Image.Image image mode=RGB size=130x22 at 0x1B8F2BA03E0>...
2024-10-25 18:07:30 - DEBUG - Searching for Image <PIL.Image.Image image mode=RGB size=130x22 at 0x1B8F2BA03E0>...
2024-10-25 18:07:30 - DEBUG - Searching for Image <PIL.Image.Image image mode=RGB size=130x22 at 0x1B8F2BA03E0>...
2024-10-25 18:07:31 - DEBUG - Searching for Image <PIL.Image.Image image mode=RGB size=130x22 at 0x1B8F2BA03E0>...
2024-10-25 18:07:31 - DEBUG - Searching for Image <PIL.Image.Image image mode=RGB size=130x22 at 0x1B8F2BA03E0>...
2024-10-25 18:07:31 - DEBUG - Searching for Image <PIL.Image.Image image mode=RGB size=130x22 at 0x1B8F2BA03E0>...
2024-10-25 18:07:31 - DEBUG - Searching for Image <PIL.Image.Image image mode=RGB size=130x22 at 0x1B8F2BA03E0>...
2024-10-25 18:07:31 - DEBUG - Searching for Image <PIL.Image.Image image mode=RGB size=130x22 at 0x1B8F2BA03E0>...
2024-10-25 18:07:31 - DEBUG - Searching for Image <PIL.Image.Image image mode=RGB size=130x22 at 0x1B8F2BA03E0>...
2024-10-25 18:07:31 - DEBUG - Searching for Image <PIL.Image.Image image mode=RGB size=130x22 at 0x1B8F2BA03E0>...
2024-10-25 18:07:31 - DEBUG - Searching for Image <PIL.Image.Image image mode=RGB size=130x22 at 0x1B8F2BA03E0>...
2024-10-25 18:07:31 - DEBUG - Searching for Image <PIL.Image.Image image mode=RGB size=130x22 at 0x1B8F2BA03E0>...
2024-10-25 18:07:31 - DEBUG - Searching for Image <PIL.Image.Image image mode=RGB size=130x22 at 0x1B8F2BA03E0>...
2024-10-25 18:07:32 - DEBUG - Searching for Image <PIL.Image.Image image mode=RGB size=130x22 at 0x1B8F2BA03E0>...
2024-10-25 18:07:32 - DEBUG - Searching for Image <PIL.Image.Image image mode=RGB size=130x22 at 0x1B8F2BA03E0>...
2024-10-25 18:07:32 - DEBUG - Searching for Image <PIL.Image.Image image mode=RGB size=130x22 at 0x1B8F2BA03E0>...
2024-10-25 18:07:32 - DEBUG - Searching for Image <PIL.Image.Image image mode=RGB size=130x22 at 0x1B8F2BA03E0>...
2024-10-25 18:07:32 - DEBUG - Searching for Image <PIL.Image.Image image mode=RGB size=130x22 at 0x1B8F2BA03E0>...
2024-10-25 18:07:32 - DEBUG - Searching for Image <PIL.Image.Image image mode=RGB size=130x22 at 0x1B8F2BA03E0>...
2024-10-25 18:07:32 - DEBUG - Searching for Image <PIL.Image.Image image mode=RGB size=130x22 at 0x1B8F2BA03E0>...
2024-10-25 18:07:32 - DEBUG - Searching for Image <PIL.Image.Image image mode=RGB size=130x22 at 0x1B8F2BA03E0>...
2024-10-25 18:07:32 - DEBUG - Searching for Image <PIL.Image.Image image mode=RGB size=130x22 at 0x1B8F2BA03E0>...
2024-10-25 18:07:32 - DEBUG - Searching for Image <PIL.Image.Image image mode=RGB size=130x22 at 0x1B8F2BA03E0>...
2024-10-25 18:07:32 - DEBUG - Searching for Image <PIL.Image.Image image mode=RGB size=130x22 at 0x1B8F2BA03E0>...
2024-10-25 18:07:33 - DEBUG - Searching for Image <PIL.Image.Image image mode=RGB size=130x22 at 0x1B8F2BA03E0>...
2024-10-25 18:07:33 - DEBUG - Searching for Image <PIL.Image.Image image mode=RGB size=130x22 at 0x1B8F2BA03E0>...
2024-10-25 18:07:33 - DEBUG - FAILED! Search Rarity... Retrying
2024-10-25 18:07:33 - DEBUG - ['tesseract', 'C:\\Users\\nfgew\\AppData\\Local\\Temp\\tess_f29lcmtc_input.PNG', 'C:\\Users\\nfgew\\AppData\\Local\\Temp\\tess_f29lcmtc', '--psm', '6', 'txt']
2024-10-25 18:07:34 - DEBUG - Searching for Image <PIL.Image.Image image mode=RGB size=200x630 at 0x1B8F1756570>...
2024-10-25 18:07:34 - DEBUG - Searching for Image <PIL.Image.Image image mode=RGB size=200x630 at 0x1B8F1756570>...
2024-10-25 18:07:34 - DEBUG - Searching for Image <PIL.Image.Image image mode=RGB size=200x630 at 0x1B8F1756570>...
2024-10-25 18:07:35 - DEBUG - Searching for Image <PIL.Image.Image image mode=RGB size=200x630 at 0x1B8F1756570>...
2024-10-25 18:07:35 - DEBUG - Searching for Image <PIL.Image.Image image mode=RGB size=200x630 at 0x1B8F1756570>...
2024-10-25 18:07:35 - DEBUG - Searching for Image <PIL.Image.Image image mode=RGB size=200x630 at 0x1B8F1756570>...
2024-10-25 18:07:35 - DEBUG - Searching for Image <PIL.Image.Image image mode=RGB size=200x630 at 0x1B8F1756570>...
2024-10-25 18:07:35 - DEBUG - Searching for Image <PIL.Image.Image image mode=RGB size=200x630 at 0x1B8F1756570>...
2024-10-25 18:07:35 - DEBUG - Failed!
2024-10-25 18:07:35 - DEBUG - ['tesseract', 'C:\\Users\\nfgew\\AppData\\Local\\Temp\\tess_4gcuhp5__input.PNG', 'C:\\Users\\nfgew\\AppData\\Local\\Temp\\tess_4gcuhp5_', '--oem', '3', '--psm', '6', '-c', 'tessedit_char_whitelist=0123456789', 'txt']
2024-10-25 18:07:37 - DEBUG - Searching for Image <PIL.Image.Image image mode=RGB size=200x630 at 0x1B8F2BA03E0>...
2024-10-25 18:07:37 - DEBUG - Searching for Image <PIL.Image.Image image mode=RGB size=200x630 at 0x1B8F2BA03E0>...
2024-10-25 18:07:37 - DEBUG - Searching for Image <PIL.Image.Image image mode=RGB size=200x630 at 0x1B8F2BA03E0>...
2024-10-25 18:07:37 - DEBUG - Searching for Image <PIL.Image.Image image mode=RGB size=200x630 at 0x1B8F2BA03E0>...
2024-10-25 18:07:37 - DEBUG - Searching for Image <PIL.Image.Image image mode=RGB size=200x630 at 0x1B8F2BA03E0>...
2024-10-25 18:07:38 - DEBUG - Searching for Image <PIL.Image.Image image mode=RGB size=200x630 at 0x1B8F2BA03E0>...
2024-10-25 18:07:38 - DEBUG - Searching for Image <PIL.Image.Image image mode=RGB size=200x630 at 0x1B8F2BA03E0>...
2024-10-25 18:07:38 - DEBUG - Searching for Image <PIL.Image.Image image mode=RGB size=200x630 at 0x1B8F2BA03E0>...
2024-10-25 18:07:38 - DEBUG - Failed!
2024-10-25 18:07:38 - DEBUG - ['tesseract', 'C:\\Users\\nfgew\\AppData\\Local\\Temp\\tess_6a_5knvx_input.PNG', 'C:\\Users\\nfgew\\AppData\\Local\\Temp\\tess_6a_5knvx', '--oem', '3', '--psm', '6', '-c', 'tessedit_char_whitelist=0123456789', 'txt']
2024-10-25 18:07:40 - DEBUG - Searching for Image <PIL.Image.Image image mode=RGB size=200x630 at 0x1B8F18A6060>...
2024-10-25 18:07:40 - DEBUG - Searching for Image <PIL.Image.Image image mode=RGB size=200x630 at 0x1B8F18A6060>...
2024-10-25 18:07:40 - DEBUG - Searching for Image <PIL.Image.Image image mode=RGB size=200x630 at 0x1B8F18A6060>...
2024-10-25 18:07:40 - DEBUG - Searching for Image <PIL.Image.Image image mode=RGB size=200x630 at 0x1B8F18A6060>...
2024-10-25 18:07:40 - DEBUG - Searching for Image <PIL.Image.Image image mode=RGB size=200x630 at 0x1B8F18A6060>...
2024-10-25 18:07:40 - DEBUG - Searching for Image <PIL.Image.Image image mode=RGB size=200x630 at 0x1B8F18A6060>...
2024-10-25 18:07:40 - DEBUG - Searching for Image <PIL.Image.Image image mode=RGB size=200x630 at 0x1B8F18A6060>...
2024-10-25 18:07:41 - DEBUG - Searching for Image <PIL.Image.Image image mode=RGB size=200x630 at 0x1B8F18A6060>...
2024-10-25 18:07:41 - DEBUG - Failed!
2024-10-25 18:07:41 - DEBUG - ['tesseract', 'C:\\Users\\nfgew\\AppData\\Local\\Temp\\tess_lvprq_r__input.PNG', 'C:\\Users\\nfgew\\AppData\\Local\\Temp\\tess_lvprq_r_', '--oem', '3', '--psm', '6', '-c', 'tessedit_char_whitelist=0123456789', 'txt']
2024-10-25 18:07:43 - DEBUG - Searching for Image <PIL.Image.Image image mode=RGB size=200x630 at 0x1B8F18A6060>...
2024-10-25 18:07:43 - DEBUG - Searching for Image <PIL.Image.Image image mode=RGB size=200x630 at 0x1B8F18A6060>...
2024-10-25 18:07:43 - DEBUG - Searching for Image <PIL.Image.Image image mode=RGB size=200x630 at 0x1B8F18A6060>...
2024-10-25 18:07:43 - DEBUG - Searching for Image <PIL.Image.Image image mode=RGB size=200x630 at 0x1B8F18A6060>...
2024-10-25 18:07:43 - DEBUG - Searching for Image <PIL.Image.Image image mode=RGB size=200x630 at 0x1B8F18A6060>...
2024-10-25 18:07:43 - DEBUG - Searching for Image <PIL.Image.Image image mode=RGB size=200x630 at 0x1B8F18A6060>...
2024-10-25 18:07:43 - DEBUG - Searching for Image <PIL.Image.Image image mode=RGB size=200x630 at 0x1B8F18A6060>...
2024-10-25 18:07:43 - DEBUG - Searching for Image <PIL.Image.Image image mode=RGB size=200x630 at 0x1B8F18A6060>...
2024-10-25 18:07:44 - DEBUG - Failed!
2024-10-25 18:07:44 - DEBUG - ['tesseract', 'C:\\Users\\nfgew\\AppData\\Local\\Temp\\tess_54wu0di__input.PNG', 'C:\\Users\\nfgew\\AppData\\Local\\Temp\\tess_54wu0di_', '--oem', '3', '--psm', '6', '-c', 'tessedit_char_whitelist=0123456789', 'txt']
2024-10-25 18:07:46 - DEBUG - Searching for Image <PIL.Image.Image image mode=RGB size=200x630 at 0x1B8F18A6060>...
2024-10-25 18:07:46 - DEBUG - Searching for Image <PIL.Image.Image image mode=RGB size=200x630 at 0x1B8F18A6060>...
2024-10-25 18:07:46 - DEBUG - Searching for Image <PIL.Image.Image image mode=RGB size=200x630 at 0x1B8F18A6060>...
2024-10-25 18:07:46 - DEBUG - Searching for Image <PIL.Image.Image image mode=RGB size=200x630 at 0x1B8F18A6060>...
2024-10-25 18:07:46 - DEBUG - Searching for Image <PIL.Image.Image image mode=RGB size=200x630 at 0x1B8F18A6060>...
2024-10-25 18:07:46 - DEBUG - Searching for Image <PIL.Image.Image image mode=RGB size=200x630 at 0x1B8F18A6060>...
2024-10-25 18:07:46 - DEBUG - Searching for Image <PIL.Image.Image image mode=RGB size=200x630 at 0x1B8F18A6060>...
2024-10-25 18:07:46 - DEBUG - Searching for Image <PIL.Image.Image image mode=RGB size=200x630 at 0x1B8F18A6060>...
2024-10-25 18:07:47 - DEBUG - Failed!
2024-10-25 18:07:47 - DEBUG - ['tesseract', 'C:\\Users\\nfgew\\AppData\\Local\\Temp\\tess_44utnpkx_input.PNG', 'C:\\Users\\nfgew\\AppData\\Local\\Temp\\tess_44utnpkx', '--oem', '3', '--psm', '6', '-c', 'tessedit_char_whitelist=0123456789', 'txt']
2024-10-25 18:07:48 - DEBUG - Searching for Image <PIL.Image.Image image mode=RGB size=200x630 at 0x1B8F2BD75C0>...
2024-10-25 18:07:48 - DEBUG - Searching for Image <PIL.Image.Image image mode=RGB size=200x630 at 0x1B8F2BD75C0>...
2024-10-25 18:07:48 - DEBUG - Searching for Image <PIL.Image.Image image mode=RGB size=200x630 at 0x1B8F2BD75C0>...
2024-10-25 18:07:48 - DEBUG - Searching for Image <PIL.Image.Image image mode=RGB size=200x630 at 0x1B8F2BD75C0>...
2024-10-25 18:07:48 - DEBUG - Searching for Image <PIL.Image.Image image mode=RGB size=200x630 at 0x1B8F2BD75C0>...
2024-10-25 18:07:48 - DEBUG - Searching for Image <PIL.Image.Image image mode=RGB size=200x630 at 0x1B8F2BD75C0>...
2024-10-25 18:07:48 - DEBUG - Searching for Image <PIL.Image.Image image mode=RGB size=200x630 at 0x1B8F2BD75C0>...
2024-10-25 18:07:48 - DEBUG - Searching for Image <PIL.Image.Image image mode=RGB size=200x630 at 0x1B8F2BD75C0>...
2024-10-25 18:07:48 - DEBUG - Failed!
2024-10-25 18:07:48 - DEBUG - ['tesseract', 'C:\\Users\\nfgew\\AppData\\Local\\Temp\\tess_ug4nkuly_input.PNG', 'C:\\Users\\nfgew\\AppData\\Local\\Temp\\tess_ug4nkuly', '--oem', '3', '--psm', '6', '-c', 'tessedit_char_whitelist=0123456789', 'txt']
2024-10-25 18:07:48 - DEBUG - Searching for Image selectedMyListings...
2024-10-25 18:07:49 - DEBUG - Failed!
2024-10-25 18:07:49 - DEBUG - Searching for Image selectedMyListings...
2024-10-25 18:07:49 - DEBUG - ['tesseract', 'C:\\Users\\nfgew\\AppData\\Local\\Temp\\tess_17cumujq_input.PNG', 'C:\\Users\\nfgew\\AppData\\Local\\Temp\\tess_17cumujq', '--psm', '6', 'txt']
2024-10-25 18:07:49 - DEBUG - 0 listings availible

